2026-06-16 13:09:55,720 - INFO - Automação inicializada
2026-06-16 13:09:55,721 - INFO - Iniciando criação de cardápio...
2026-06-16 13:09:55,721 - INFO - Alternando para janela da aplicação...
2026-06-16 13:09:56,222 - INFO - Processando 39 linhas do arquivo
2026-06-16 13:09:56,222 - INFO - Adicionando item: Pizza Bauru - Média (4 Pedaços)
2026-06-16 13:09:56,923 - INFO - Abrindo menu de opções...
2026-06-16 13:09:57,628 - INFO - Clicando em duplicar...
2026-06-16 13:10:00,133 - INFO - Preenchendo nome...
2026-06-16 13:10:02,239 - INFO - Preenchendo descrição...
2026-06-16 13:10:05,146 - INFO - Preenchendo preço: 39.90...
2026-06-16 13:10:10,356 - INFO - Enviando formulário...
2026-06-16 13:10:14,363 - INFO - Adicionando item: Pizza Labor - Média (4 Pedaços)
2026-06-16 13:10:15,064 - INFO - Abrindo menu de opções...
2026-06-16 13:10:15,766 - INFO - Clicando em duplicar...
2026-06-16 13:10:18,267 - INFO - Preenchendo nome...
2026-06-16 13:10:20,374 - INFO - Preenchendo descrição...
2026-06-16 13:10:23,281 - INFO - Preenchendo preço: 39.90...
2026-06-16 13:10:28,491 - INFO - Enviando formulário...
2026-06-16 13:10:32,496 - INFO - Adicionando item: Pizza Moda da Casa 1 - Média (4 Pedaços)
2026-06-16 13:10:33,196 - INFO - Abrindo menu de opções...
2026-06-16 13:10:33,898 - INFO - Clicando em duplicar...
2026-06-16 13:10:36,399 - INFO - Preenchendo nome...
2026-06-16 13:10:38,505 - INFO - Preenchendo descrição...
2026-06-16 13:10:41,412 - INFO - Preenchendo preço: 39.90...
2026-06-16 13:10:46,621 - INFO - Enviando formulário...
2026-06-16 13:10:50,626 - INFO - Adicionando item: Pizza Moda da Casa 2 - Média (4 Pedaços)
2026-06-16 13:10:51,327 - INFO - Abrindo menu de opções...
2026-06-16 13:10:52,029 - INFO - Clicando em duplicar...
2026-06-16 13:10:54,530 - INFO - Preenchendo nome...
2026-06-16 13:10:56,636 - INFO - Preenchendo descrição...
2026-06-16 13:10:59,542 - INFO - Preenchendo preço: 39.90...
2026-06-16 13:11:04,750 - INFO - Enviando formulário...
2026-06-16 13:11:08,754 - INFO - Adicionando item: Pizza Napole - Média (4 Pedaços)
2026-06-16 13:11:09,455 - INFO - Abrindo menu de opções...
2026-06-16 13:11:10,157 - INFO - Clicando em duplicar...
2026-06-16 13:11:12,658 - INFO - Preenchendo nome...
2026-06-16 13:11:14,763 - INFO - Preenchendo descrição...
2026-06-16 13:11:17,670 - INFO - Preenchendo preço: 39.90...
2026-06-16 13:11:22,879 - INFO - Enviando formulário...
2026-06-16 13:11:26,883 - INFO - Adicionando item: Pizza Calabresa - Média (4 Pedaços)
2026-06-16 13:11:27,585 - INFO - Abrindo menu de opções...
2026-06-16 13:11:28,287 - INFO - Clicando em duplicar...
2026-06-16 13:11:30,788 - INFO - Preenchendo nome...
2026-06-16 13:11:32,894 - INFO - Preenchendo descrição...
2026-06-16 13:11:35,802 - INFO - Preenchendo preço: 39.90...
2026-06-16 13:11:41,011 - INFO - Enviando formulário...
2026-06-16 13:11:45,014 - INFO - Adicionando item: Pizza Calabria - Média (4 Pedaços)
2026-06-16 13:11:45,715 - INFO - Abrindo menu de opções...
2026-06-16 13:11:46,417 - INFO - Clicando em duplicar...
2026-06-16 13:11:48,918 - INFO - Preenchendo nome...
2026-06-16 13:11:51,025 - INFO - Preenchendo descrição...
2026-06-16 13:11:53,931 - INFO - Preenchendo preço: 39.90...
2026-06-16 13:11:59,140 - INFO - Enviando formulário...
2026-06-16 13:12:03,143 - INFO - Adicionando item: Pizza Carioca - Média (4 Pedaços)
2026-06-16 13:12:03,844 - INFO - Abrindo menu de opções...
2026-06-16 13:12:04,546 - INFO - Clicando em duplicar...
2026-06-16 13:12:07,047 - INFO - Preenchendo nome...
2026-06-16 13:12:09,154 - INFO - Preenchendo descrição...
2026-06-16 13:12:12,060 - INFO - Preenchendo preço: 39.90...
2026-06-16 13:12:17,269 - INFO - Enviando formulário...
2026-06-16 13:12:21,273 - INFO - Adicionando item: Pizza Paulista - Média (4 Pedaços)
2026-06-16 13:12:21,974 - INFO - Abrindo menu de opções...
2026-06-16 13:12:22,675 - INFO - Clicando em duplicar...
2026-06-16 13:12:25,177 - INFO - Preenchendo nome...
2026-06-16 13:12:27,282 - INFO - Preenchendo descrição...
2026-06-16 13:12:30,189 - INFO - Preenchendo preço: 39.90...
2026-06-16 13:12:35,397 - INFO - Enviando formulário...
2026-06-16 13:12:39,401 - INFO - Adicionando item: Pizza Forneiro - Média (4 Pedaços)
2026-06-16 13:12:40,102 - INFO - Abrindo menu de opções...
2026-06-16 13:12:40,803 - INFO - Clicando em duplicar...
2026-06-16 13:12:43,305 - INFO - Preenchendo nome...
2026-06-16 13:12:45,411 - INFO - Preenchendo descrição...
2026-06-16 13:12:48,318 - INFO - Preenchendo preço: 39.90...
2026-06-16 13:12:53,527 - INFO - Enviando formulário...
2026-06-16 13:12:57,531 - INFO - Adicionando item: Pizza do Motoboy - Média (4 Pedaços)
2026-06-16 13:12:58,232 - INFO - Abrindo menu de opções...
2026-06-16 13:12:58,933 - INFO - Clicando em duplicar...
2026-06-16 13:13:01,435 - INFO - Preenchendo nome...
2026-06-16 13:13:03,540 - INFO - Preenchendo descrição...
2026-06-16 13:13:06,447 - INFO - Preenchendo preço: 39.90...
2026-06-16 13:13:11,656 - INFO - Enviando formulário...
2026-06-16 13:13:15,660 - INFO - Adicionando item: Pizza Imperial - Média (4 Pedaços)
2026-06-16 13:13:16,361 - INFO - Abrindo menu de opções...
2026-06-16 13:13:17,062 - INFO - Clicando em duplicar...
2026-06-16 13:13:19,563 - INFO - Preenchendo nome...
2026-06-16 13:13:21,669 - INFO - Preenchendo descrição...
2026-06-16 13:13:24,575 - INFO - Preenchendo preço: 39.90...
2026-06-16 13:13:29,783 - INFO - Enviando formulário...
2026-06-16 13:13:33,787 - INFO - Adicionando item: Pizza Jova Rural - Média (4 Pedaços)
2026-06-16 13:13:34,488 - INFO - Abrindo menu de opções...
2026-06-16 13:13:35,190 - INFO - Clicando em duplicar...
2026-06-16 13:13:37,691 - INFO - Preenchendo nome...
2026-06-16 13:13:39,797 - INFO - Preenchendo descrição...
2026-06-16 13:13:42,703 - INFO - Preenchendo preço: 39.90...
2026-06-16 13:13:47,912 - INFO - Enviando formulário...
2026-06-16 13:13:51,916 - INFO - Adicionando item: Pizza Baiana 1 - Média (4 Pedaços)
2026-06-16 13:13:52,617 - INFO - Abrindo menu de opções...
2026-06-16 13:13:53,318 - INFO - Clicando em duplicar...
2026-06-16 13:13:55,819 - INFO - Preenchendo nome...
2026-06-16 13:13:57,925 - INFO - Preenchendo descrição...
2026-06-16 13:14:00,832 - INFO - Preenchendo preço: 39.90...
2026-06-16 13:14:06,041 - INFO - Enviando formulário...
2026-06-16 13:14:10,045 - INFO - Adicionando item: Pizza Baiana 2 - Média (4 Pedaços)
2026-06-16 13:14:10,746 - INFO - Abrindo menu de opções...
2026-06-16 13:14:11,447 - INFO - Clicando em duplicar...
2026-06-16 13:14:13,948 - INFO - Preenchendo nome...
2026-06-16 13:14:16,054 - INFO - Preenchendo descrição...
2026-06-16 13:14:18,961 - INFO - Preenchendo preço: 39.90...
2026-06-16 13:14:24,169 - INFO - Enviando formulário...
2026-06-16 13:14:28,173 - INFO - Adicionando item: Pizza Toscana - Média (4 Pedaços)
2026-06-16 13:14:28,874 - INFO - Abrindo menu de opções...
2026-06-16 13:14:29,575 - INFO - Clicando em duplicar...
2026-06-16 13:14:32,077 - INFO - Preenchendo nome...
2026-06-16 13:14:34,182 - INFO - Preenchendo descrição...
2026-06-16 13:14:37,089 - INFO - Preenchendo preço: 39.90...
2026-06-16 13:14:42,298 - INFO - Enviando formulário...
2026-06-16 13:14:46,302 - INFO - Adicionando item: Pizza Viena - Média (4 Pedaços)
2026-06-16 13:14:47,003 - INFO - Abrindo menu de opções...
2026-06-16 13:14:47,704 - INFO - Clicando em duplicar...
2026-06-16 13:14:50,205 - INFO - Preenchendo nome...
2026-06-16 13:14:52,312 - INFO - Preenchendo descrição...
2026-06-16 13:14:55,219 - INFO - Preenchendo preço: 39.90...
2026-06-16 13:15:00,427 - INFO - Enviando formulário...
2026-06-16 13:15:04,431 - INFO - Adicionando item: Pizza Vila Nilo - Média (4 Pedaços)
2026-06-16 13:15:05,132 - INFO - Abrindo menu de opções...
2026-06-16 13:15:05,833 - INFO - Clicando em duplicar...
2026-06-16 13:15:08,334 - INFO - Preenchendo nome...
2026-06-16 13:15:10,440 - INFO - Preenchendo descrição...
2026-06-16 13:15:13,346 - INFO - Preenchendo preço: 39.90...
2026-06-16 13:15:18,555 - INFO - Enviando formulário...
2026-06-16 13:15:22,559 - INFO - Adicionando item: Pizza Frango - Média (4 Pedaços)
2026-06-16 13:15:23,260 - INFO - Abrindo menu de opções...
2026-06-16 13:15:23,961 - INFO - Clicando em duplicar...
2026-06-16 13:15:26,463 - INFO - Preenchendo nome...
2026-06-16 13:15:28,570 - INFO - Preenchendo descrição...
2026-06-16 13:15:31,475 - INFO - Preenchendo preço: 39.90...
2026-06-16 13:15:36,684 - INFO - Enviando formulário...
2026-06-16 13:15:40,688 - INFO - Adicionando item: Pizza Caipira - Média (4 Pedaços)
2026-06-16 13:15:41,388 - INFO - Abrindo menu de opções...
2026-06-16 13:15:42,089 - INFO - Clicando em duplicar...
2026-06-16 13:15:44,591 - INFO - Preenchendo nome...
2026-06-16 13:15:46,697 - INFO - Preenchendo descrição...
2026-06-16 13:15:49,604 - INFO - Preenchendo preço: 39.90...
2026-06-16 13:15:54,812 - INFO - Enviando formulário...
2026-06-16 13:15:58,817 - INFO - Adicionando item: Pizza Abb - Média (4 Pedaços)
2026-06-16 13:15:59,518 - INFO - Abrindo menu de opções...
2026-06-16 13:16:00,219 - INFO - Clicando em duplicar...
2026-06-16 13:16:02,721 - INFO - Preenchendo nome...
2026-06-16 13:16:04,827 - INFO - Preenchendo descrição...
2026-06-16 13:16:07,734 - INFO - Preenchendo preço: 39.90...
2026-06-16 13:16:12,943 - INFO - Enviando formulário...
2026-06-16 13:16:16,947 - INFO - Adicionando item: Pizza Chic - Média (4 Pedaços)
2026-06-16 13:16:17,648 - INFO - Abrindo menu de opções...
2026-06-16 13:16:18,349 - INFO - Clicando em duplicar...
2026-06-16 13:16:20,850 - INFO - Preenchendo nome...
2026-06-16 13:16:22,956 - INFO - Preenchendo descrição...
2026-06-16 13:16:25,862 - INFO - Preenchendo preço: 39.90...
2026-06-16 13:16:31,070 - INFO - Enviando formulário...
2026-06-16 13:16:35,074 - INFO - Adicionando item: Pizza Nova Galvão - Média (4 Pedaços)
2026-06-16 13:16:35,775 - INFO - Abrindo menu de opções...
2026-06-16 13:16:36,476 - INFO - Clicando em duplicar...
2026-06-16 13:16:38,977 - INFO - Preenchendo nome...
2026-06-16 13:16:41,083 - INFO - Preenchendo descrição...
2026-06-16 13:16:43,989 - INFO - Preenchendo preço: 39.90...
2026-06-16 13:16:49,198 - INFO - Enviando formulário...
2026-06-16 13:16:53,202 - INFO - Adicionando item: Pizza Vitória - Média (4 Pedaços)
2026-06-16 13:16:53,903 - INFO - Abrindo menu de opções...
2026-06-16 13:16:54,604 - INFO - Clicando em duplicar...
2026-06-16 13:16:57,106 - INFO - Preenchendo nome...
2026-06-16 13:16:59,212 - INFO - Preenchendo descrição...
2026-06-16 13:17:02,118 - INFO - Preenchendo preço: 39.90...
2026-06-16 13:17:07,327 - INFO - Enviando formulário...
2026-06-16 13:17:11,332 - INFO - Adicionando item: Pizza Brócolis - Média (4 Pedaços)
2026-06-16 13:17:12,033 - INFO - Abrindo menu de opções...
2026-06-16 13:17:12,733 - INFO - Clicando em duplicar...
2026-06-16 13:17:15,235 - INFO - Preenchendo nome...
2026-06-16 13:17:17,341 - INFO - Preenchendo descrição...
2026-06-16 13:17:20,246 - INFO - Preenchendo preço: 39.90...
2026-06-16 13:17:25,456 - INFO - Enviando formulário...
2026-06-16 13:17:29,460 - INFO - Adicionando item: Pizza Brócolis 2 - Média (4 Pedaços)
2026-06-16 13:17:30,162 - INFO - Abrindo menu de opções...
2026-06-16 13:17:30,863 - INFO - Clicando em duplicar...
2026-06-16 13:17:33,364 - INFO - Preenchendo nome...
2026-06-16 13:17:35,470 - INFO - Preenchendo descrição...
2026-06-16 13:17:38,376 - INFO - Preenchendo preço: 39.90...
2026-06-16 13:17:43,585 - INFO - Enviando formulário...
2026-06-16 13:17:47,589 - INFO - Adicionando item: Pizza Vila Galvão - Média (4 Pedaços)
2026-06-16 13:17:48,290 - INFO - Abrindo menu de opções...
2026-06-16 13:17:48,991 - INFO - Clicando em duplicar...
2026-06-16 13:17:51,493 - INFO - Preenchendo nome...
2026-06-16 13:17:53,599 - INFO - Preenchendo descrição...
2026-06-16 13:17:56,505 - INFO - Preenchendo preço: 39.90...
2026-06-16 13:18:01,714 - INFO - Enviando formulário...
2026-06-16 13:18:05,718 - INFO - Adicionando item: Pizza Milho Verde - Média (4 Pedaços)
2026-06-16 13:18:06,418 - INFO - Abrindo menu de opções...
2026-06-16 13:18:07,119 - INFO - Clicando em duplicar...
2026-06-16 13:18:09,621 - INFO - Preenchendo nome...
2026-06-16 13:18:11,727 - INFO - Preenchendo descrição...
2026-06-16 13:18:14,633 - INFO - Preenchendo preço: 39.90...
2026-06-16 13:18:19,841 - INFO - Enviando formulário...
2026-06-16 13:18:23,845 - INFO - Adicionando item: Pizza Palmito com Mussarela - Média (4 Pedaços)
2026-06-16 13:18:24,546 - INFO - Abrindo menu de opções...
2026-06-16 13:18:25,247 - INFO - Clicando em duplicar...
2026-06-16 13:18:27,749 - INFO - Preenchendo nome...
2026-06-16 13:18:29,854 - INFO - Preenchendo descrição...
2026-06-16 13:18:32,760 - INFO - Preenchendo preço: 39.90...
2026-06-16 13:18:37,969 - INFO - Enviando formulário...
2026-06-16 13:18:41,973 - INFO - Adicionando item: Pizza Palmito com Catupiry - Média (4 Pedaços)
2026-06-16 13:18:42,674 - INFO - Abrindo menu de opções...
2026-06-16 13:18:43,375 - INFO - Clicando em duplicar...
2026-06-16 13:18:45,877 - INFO - Preenchendo nome...
2026-06-16 13:18:47,982 - INFO - Preenchendo descrição...
2026-06-16 13:18:50,889 - INFO - Preenchendo preço: 39.90...
2026-06-16 13:18:56,098 - INFO - Enviando formulário...
2026-06-16 13:19:00,102 - INFO - Adicionando item: Pizza Vegetariana - Média (4 Pedaços)
2026-06-16 13:19:00,803 - INFO - Abrindo menu de opções...
2026-06-16 13:19:01,504 - INFO - Clicando em duplicar...
2026-06-16 13:19:04,006 - INFO - Preenchendo nome...
2026-06-16 13:19:06,111 - INFO - Preenchendo descrição...
2026-06-16 13:19:09,018 - INFO - Preenchendo preço: 39.90...
2026-06-16 13:19:14,226 - INFO - Enviando formulário...
2026-06-16 13:19:18,230 - INFO - Adicionando item: Pizza Escarola - Média (4 Pedaços)
2026-06-16 13:19:18,931 - INFO - Abrindo menu de opções...
2026-06-16 13:19:19,632 - INFO - Clicando em duplicar...
2026-06-16 13:19:22,134 - INFO - Preenchendo nome...
2026-06-16 13:19:24,239 - INFO - Preenchendo descrição...
2026-06-16 13:19:27,145 - INFO - Preenchendo preço: 39.90...
2026-06-16 13:19:32,354 - INFO - Enviando formulário...
2026-06-16 13:19:36,358 - INFO - Adicionando item: Pizza Francesa 1 - Média (4 Pedaços)
2026-06-16 13:19:37,059 - INFO - Abrindo menu de opções...
2026-06-16 13:19:37,760 - INFO - Clicando em duplicar...
2026-06-16 13:19:40,262 - INFO - Preenchendo nome...
2026-06-16 13:19:42,368 - INFO - Preenchendo descrição...
2026-06-16 13:19:45,274 - INFO - Preenchendo preço: 39.90...
2026-06-16 13:19:50,483 - INFO - Enviando formulário...
2026-06-16 13:19:54,486 - INFO - Adicionando item: Pizza Francesa 2 - Média (4 Pedaços)
2026-06-16 13:19:55,187 - INFO - Abrindo menu de opções...
2026-06-16 13:19:55,889 - INFO - Clicando em duplicar...
2026-06-16 13:19:58,390 - INFO - Preenchendo nome...
2026-06-16 13:20:00,496 - INFO - Preenchendo descrição...
2026-06-16 13:20:03,401 - INFO - Preenchendo preço: 39.90...
2026-06-16 13:20:08,610 - INFO - Enviando formulário...
2026-06-16 13:20:12,615 - INFO - Adicionando item: Pizza Lombo com Mussarela - Média (4 Pedaços)
2026-06-16 13:20:13,316 - INFO - Abrindo menu de opções...
2026-06-16 13:20:14,017 - INFO - Clicando em duplicar...
2026-06-16 13:20:16,519 - INFO - Preenchendo nome...
2026-06-16 13:20:18,624 - INFO - Preenchendo descrição...
2026-06-16 13:20:21,530 - INFO - Preenchendo preço: 39.90...
2026-06-16 13:20:26,739 - INFO - Enviando formulário...
2026-06-16 13:20:30,742 - INFO - Adicionando item: Pizza Lombo com Catupiry - Média (4 Pedaços)
2026-06-16 13:20:31,443 - INFO - Abrindo menu de opções...
2026-06-16 13:20:32,145 - INFO - Clicando em duplicar...
2026-06-16 13:20:34,646 - INFO - Preenchendo nome...
2026-06-16 13:20:36,751 - INFO - Preenchendo descrição...
2026-06-16 13:20:39,659 - INFO - Preenchendo preço: 39.90...
2026-06-16 13:20:44,867 - INFO - Enviando formulário...
2026-06-16 13:20:48,872 - INFO - Adicionando item: Pizza La Itália - Média (4 Pedaços)
2026-06-16 13:20:49,572 - INFO - Abrindo menu de opções...
2026-06-16 13:20:50,275 - INFO - Clicando em duplicar...
2026-06-16 13:20:52,777 - INFO - Preenchendo nome...
2026-06-16 13:20:54,882 - INFO - Preenchendo descrição...
2026-06-16 13:20:57,789 - INFO - Preenchendo preço: 39.90...
2026-06-16 13:21:02,998 - INFO - Enviando formulário...
2026-06-16 13:21:07,002 - INFO - Adicionando item: Pizza Pepperoni - Média (4 Pedaços)
2026-06-16 13:21:07,703 - INFO - Abrindo menu de opções...
2026-06-16 13:21:08,405 - INFO - Clicando em duplicar...
2026-06-16 13:21:10,907 - INFO - Preenchendo nome...
2026-06-16 13:21:13,012 - INFO - Preenchendo descrição...
2026-06-16 13:21:15,919 - INFO - Preenchendo preço: 39.90...
2026-06-16 13:21:21,127 - INFO - Enviando formulário...
2026-06-16 13:21:25,131 - INFO - Adicionando item: Pizza Peito de Peru - Média (4 Pedaços)
2026-06-16 13:21:25,832 - INFO - Abrindo menu de opções...
2026-06-16 13:21:26,534 - INFO - Clicando em duplicar...
2026-06-16 13:21:29,036 - INFO - Preenchendo nome...
2026-06-16 13:21:31,142 - INFO - Preenchendo descrição...
2026-06-16 13:21:34,049 - INFO - Preenchendo preço: 39.90...
2026-06-16 13:21:39,259 - INFO - Enviando formulário...
2026-06-16 13:21:43,263 - INFO - 
==================================================
2026-06-16 13:21:43,263 - INFO - Resumo: 39 adicionados, 0 falhados
2026-06-16 13:21:43,263 - INFO - ==================================================
2026-06-16 13:22:01,886 - INFO - Cardápio criado com sucesso!
2026-06-16 13:29:04,231 - INFO - Automação inicializada
2026-06-16 13:29:04,233 - INFO - Iniciando criação de cardápio...
2026-06-16 13:29:04,233 - INFO - Alternando para janela da aplicação...
2026-06-16 13:29:04,734 - INFO - Processando 57 linhas do arquivo
2026-06-16 13:29:04,735 - INFO - Adicionando item: Pizza Catupiry - Grande (8 Pedaços)
2026-06-16 13:29:05,186 - INFO - Abrindo menu de opções...
2026-06-16 13:29:05,639 - INFO - Clicando em duplicar...
2026-06-16 13:29:07,892 - INFO - Preenchendo nome...
2026-06-16 13:29:09,250 - INFO - Preenchendo descrição...
2026-06-16 13:29:10,907 - INFO - Preenchendo preço: 59.90...
2026-06-16 13:29:14,116 - INFO - Enviando formulário...
2026-06-16 13:29:17,641 - INFO - Adicionando item: Pizza Mussarela - Grande (8 Pedaços)
2026-06-16 13:29:18,092 - INFO - Abrindo menu de opções...
2026-06-16 13:29:18,544 - INFO - Clicando em duplicar...
2026-06-16 13:29:20,796 - INFO - Preenchendo nome...
2026-06-16 13:29:22,151 - INFO - Preenchendo descrição...
2026-06-16 13:29:23,809 - INFO - Preenchendo preço: 59.90...
2026-06-16 13:29:27,017 - INFO - Enviando formulário...
2026-06-16 13:29:30,525 - INFO - Adicionando item: Pizza 2 Queijos - Grande (8 Pedaços)
2026-06-16 13:29:30,976 - INFO - Abrindo menu de opções...
2026-06-16 13:29:31,428 - INFO - Clicando em duplicar...
2026-06-16 13:29:33,680 - INFO - Preenchendo nome...
2026-06-16 13:29:35,036 - INFO - Preenchendo descrição...
2026-06-16 13:29:36,693 - INFO - Preenchendo preço: 59.90...
2026-06-16 13:29:39,904 - INFO - Enviando formulário...
2026-06-16 13:29:43,409 - INFO - Adicionando item: Pizza 5 Queijos - Grande (8 Pedaços)
2026-06-16 13:29:43,860 - INFO - Abrindo menu de opções...
2026-06-16 13:29:44,313 - INFO - Clicando em duplicar...
2026-06-16 13:29:46,565 - INFO - Preenchendo nome...
2026-06-16 13:29:47,921 - INFO - Preenchendo descrição...
2026-06-16 13:29:49,579 - INFO - Preenchendo preço: 59.90...
2026-06-16 13:29:52,789 - INFO - Enviando formulário...
2026-06-16 13:29:56,294 - INFO - Adicionando item: Pizza 8 Queijos - Grande (8 Pedaços)
2026-06-16 13:29:56,745 - INFO - Abrindo menu de opções...
2026-06-16 13:29:57,197 - INFO - Clicando em duplicar...
2026-06-16 13:29:59,449 - INFO - Preenchendo nome...
2026-06-16 13:30:00,805 - INFO - Preenchendo descrição...
2026-06-16 13:30:02,462 - INFO - Preenchendo preço: 59.90...
2026-06-16 13:30:05,673 - INFO - Enviando formulário...
2026-06-16 13:30:09,178 - INFO - Adicionando item: Pizza 5 Queijos - Grande (8 Pedaços)
2026-06-16 13:30:09,629 - INFO - Abrindo menu de opções...
2026-06-16 13:30:10,081 - INFO - Clicando em duplicar...
2026-06-16 13:30:12,332 - INFO - Preenchendo nome...
2026-06-16 13:30:13,688 - INFO - Preenchendo descrição...
2026-06-16 13:30:15,346 - INFO - Preenchendo preço: 59.90...
2026-06-16 13:30:18,555 - INFO - Enviando formulário...
2026-06-16 13:30:22,060 - INFO - Adicionando item: Pizza Marguerita - Grande (8 Pedaços)
2026-06-16 13:30:22,511 - INFO - Abrindo menu de opções...
2026-06-16 13:30:22,964 - INFO - Clicando em duplicar...
2026-06-16 13:30:25,216 - INFO - Preenchendo nome...
2026-06-16 13:30:26,572 - INFO - Preenchendo descrição...
2026-06-16 13:30:28,230 - INFO - Preenchendo preço: 59.90...
2026-06-16 13:30:31,439 - INFO - Enviando formulário...
2026-06-16 13:30:34,943 - INFO - Adicionando item: Pizza Napolitana - Grande (8 Pedaços)
2026-06-16 13:30:35,394 - INFO - Abrindo menu de opções...
2026-06-16 13:30:35,846 - INFO - Clicando em duplicar...
2026-06-16 13:30:38,098 - INFO - Preenchendo nome...
2026-06-16 13:30:39,454 - INFO - Preenchendo descrição...
2026-06-16 13:30:41,111 - INFO - Preenchendo preço: 59.90...
2026-06-16 13:30:44,321 - INFO - Enviando formulário...
2026-06-16 13:30:47,826 - INFO - Adicionando item: Pizza Alho - Grande (8 Pedaços)
2026-06-16 13:30:48,277 - INFO - Abrindo menu de opções...
2026-06-16 13:30:48,729 - INFO - Clicando em duplicar...
2026-06-16 13:30:50,981 - INFO - Preenchendo nome...
2026-06-16 13:30:52,337 - INFO - Preenchendo descrição...
2026-06-16 13:30:53,994 - INFO - Preenchendo preço: 59.90...
2026-06-16 13:30:57,203 - INFO - Enviando formulário...
2026-06-16 13:31:00,710 - INFO - Adicionando item: Pizza Atum 1 - Grande (8 Pedaços)
2026-06-16 13:31:01,161 - INFO - Abrindo menu de opções...
2026-06-16 13:31:01,613 - INFO - Clicando em duplicar...
2026-06-16 13:31:03,864 - INFO - Preenchendo nome...
2026-06-16 13:31:05,220 - INFO - Preenchendo descrição...
2026-06-16 13:31:06,877 - INFO - Preenchendo preço: 59.90...
2026-06-16 13:31:10,087 - INFO - Enviando formulário...
2026-06-16 13:31:13,594 - INFO - Adicionando item: Pizza Atum 2 - Grande (8 Pedaços)
2026-06-16 13:31:14,045 - INFO - Abrindo menu de opções...
2026-06-16 13:31:14,497 - INFO - Clicando em duplicar...
2026-06-16 13:31:16,749 - INFO - Preenchendo nome...
2026-06-16 13:31:18,105 - INFO - Preenchendo descrição...
2026-06-16 13:31:19,762 - INFO - Preenchendo preço: 59.90...
2026-06-16 13:31:22,972 - INFO - Enviando formulário...
2026-06-16 13:31:26,478 - INFO - Adicionando item: Pizza Atum 5 - Grande (8 Pedaços)
2026-06-16 13:31:26,929 - INFO - Abrindo menu de opções...
2026-06-16 13:31:27,380 - INFO - Clicando em duplicar...
2026-06-16 13:31:29,632 - INFO - Preenchendo nome...
2026-06-16 13:31:30,988 - INFO - Preenchendo descrição...
2026-06-16 13:31:32,645 - INFO - Preenchendo preço: 59.90...
2026-06-16 13:31:35,855 - INFO - Enviando formulário...
2026-06-16 13:31:39,361 - INFO - Adicionando item: Pizza Cecap - Grande (8 Pedaços)
2026-06-16 13:31:39,812 - INFO - Abrindo menu de opções...
2026-06-16 13:31:40,264 - INFO - Clicando em duplicar...
2026-06-16 13:31:42,515 - INFO - Preenchendo nome...
2026-06-16 13:31:43,871 - INFO - Preenchendo descrição...
2026-06-16 13:31:45,528 - INFO - Preenchendo preço: 59.90...
2026-06-16 13:31:48,739 - INFO - Enviando formulário...
2026-06-16 13:31:52,244 - INFO - Adicionando item: Pizza Peruana - Grande (8 Pedaços)
2026-06-16 13:31:52,695 - INFO - Abrindo menu de opções...
2026-06-16 13:31:53,146 - INFO - Clicando em duplicar...
2026-06-16 13:31:55,398 - INFO - Preenchendo nome...
2026-06-16 13:31:56,754 - INFO - Preenchendo descrição...
2026-06-16 13:31:58,411 - INFO - Preenchendo preço: 59.90...
2026-06-16 13:32:01,622 - INFO - Enviando formulário...
2026-06-16 13:32:05,128 - INFO - Adicionando item: Pizza Americana - Grande (8 Pedaços)
2026-06-16 13:32:05,579 - INFO - Abrindo menu de opções...
2026-06-16 13:32:06,031 - INFO - Clicando em duplicar...
2026-06-16 13:32:08,282 - INFO - Preenchendo nome...
2026-06-16 13:32:09,639 - INFO - Preenchendo descrição...
2026-06-16 13:32:11,297 - INFO - Preenchendo preço: 59.90...
2026-06-16 13:32:14,508 - INFO - Enviando formulário...
2026-06-16 13:32:18,012 - INFO - Adicionando item: Pizza Bacon - Grande (8 Pedaços)
2026-06-16 13:32:18,463 - INFO - Abrindo menu de opções...
2026-06-16 13:32:18,915 - INFO - Clicando em duplicar...
2026-06-16 13:32:21,167 - INFO - Preenchendo nome...
2026-06-16 13:32:22,524 - INFO - Preenchendo descrição...
2026-06-16 13:32:24,182 - INFO - Preenchendo preço: 59.90...
2026-06-16 13:32:27,391 - INFO - Enviando formulário...
2026-06-16 13:32:30,896 - INFO - Adicionando item: Pizza Siciliana - Grande (8 Pedaços)
2026-06-16 13:32:31,347 - INFO - Abrindo menu de opções...
2026-06-16 13:32:31,799 - INFO - Clicando em duplicar...
2026-06-16 13:32:34,052 - INFO - Preenchendo nome...
2026-06-16 13:32:35,408 - INFO - Preenchendo descrição...
2026-06-16 13:32:37,066 - INFO - Preenchendo preço: 59.90...
2026-06-16 13:32:40,276 - INFO - Enviando formulário...
2026-06-16 13:32:43,781 - INFO - Adicionando item: Pizza Portuguesa - Grande (8 Pedaços)
2026-06-16 13:32:44,232 - INFO - Abrindo menu de opções...
2026-06-16 13:32:44,685 - INFO - Clicando em duplicar...
2026-06-16 13:32:46,937 - INFO - Preenchendo nome...
2026-06-16 13:32:48,293 - INFO - Preenchendo descrição...
2026-06-16 13:32:49,950 - INFO - Preenchendo preço: 59.90...
2026-06-16 13:32:53,159 - INFO - Enviando formulário...
2026-06-16 13:32:56,664 - INFO - Adicionando item: Pizza Bauru - Grande (8 Pedaços)
2026-06-16 13:32:57,115 - INFO - Abrindo menu de opções...
2026-06-16 13:32:57,567 - INFO - Clicando em duplicar...
2026-06-16 13:32:59,818 - INFO - Preenchendo nome...
2026-06-16 13:33:01,175 - INFO - Preenchendo descrição...
2026-06-16 13:33:02,832 - INFO - Preenchendo preço: 59.90...
2026-06-16 13:33:06,043 - INFO - Enviando formulário...
2026-06-16 13:33:09,547 - INFO - Adicionando item: Pizza Labor - Grande (8 Pedaços)
2026-06-16 13:33:09,998 - INFO - Abrindo menu de opções...
2026-06-16 13:33:10,450 - INFO - Clicando em duplicar...
2026-06-16 13:33:12,702 - INFO - Preenchendo nome...
2026-06-16 13:33:14,058 - INFO - Preenchendo descrição...
2026-06-16 13:33:15,716 - INFO - Preenchendo preço: 59.90...
2026-06-16 13:33:18,926 - INFO - Enviando formulário...
2026-06-16 13:33:22,433 - INFO - Adicionando item: Pizza Moda da Casa 1 - Grande (8 Pedaços)
2026-06-16 13:33:22,884 - INFO - Abrindo menu de opções...
2026-06-16 13:33:23,336 - INFO - Clicando em duplicar...
2026-06-16 13:33:25,588 - INFO - Preenchendo nome...
2026-06-16 13:33:26,944 - INFO - Preenchendo descrição...
2026-06-16 13:33:28,601 - INFO - Preenchendo preço: 59.90...
2026-06-16 13:33:31,813 - INFO - Enviando formulário...
2026-06-16 13:33:35,317 - INFO - Adicionando item: Pizza Moda da Casa 2 - Grande (8 Pedaços)
2026-06-16 13:33:35,768 - INFO - Abrindo menu de opções...
2026-06-16 13:33:36,220 - INFO - Clicando em duplicar...
2026-06-16 13:33:38,472 - INFO - Preenchendo nome...
2026-06-16 13:33:39,828 - INFO - Preenchendo descrição...
2026-06-16 13:33:41,486 - INFO - Preenchendo preço: 59.90...
2026-06-16 13:33:44,696 - INFO - Enviando formulário...
2026-06-16 13:33:48,200 - INFO - Adicionando item: Pizza Napole - Grande (8 Pedaços)
2026-06-16 13:33:48,651 - INFO - Abrindo menu de opções...
2026-06-16 13:33:49,102 - INFO - Clicando em duplicar...
2026-06-16 13:33:51,355 - INFO - Preenchendo nome...
2026-06-16 13:33:52,711 - INFO - Preenchendo descrição...
2026-06-16 13:33:54,368 - INFO - Preenchendo preço: 59.90...
2026-06-16 13:33:57,577 - INFO - Enviando formulário...
2026-06-16 13:34:01,082 - INFO - Adicionando item: Pizza Calabresa - Grande (8 Pedaços)
2026-06-16 13:34:01,532 - INFO - Abrindo menu de opções...
2026-06-16 13:34:01,984 - INFO - Clicando em duplicar...
2026-06-16 13:34:04,236 - INFO - Preenchendo nome...
2026-06-16 13:34:05,592 - INFO - Preenchendo descrição...
2026-06-16 13:34:07,249 - INFO - Preenchendo preço: 59.90...
2026-06-16 13:34:10,460 - INFO - Enviando formulário...
2026-06-16 13:34:13,964 - INFO - Adicionando item: Pizza Calabria - Grande (8 Pedaços)
2026-06-16 13:34:14,415 - INFO - Abrindo menu de opções...
2026-06-16 13:34:14,868 - INFO - Clicando em duplicar...
2026-06-16 13:34:17,119 - INFO - Preenchendo nome...
2026-06-16 13:34:18,475 - INFO - Preenchendo descrição...
2026-06-16 13:34:20,132 - INFO - Preenchendo preço: 59.90...
2026-06-16 13:34:23,343 - INFO - Enviando formulário...
2026-06-16 13:34:26,849 - INFO - Adicionando item: Pizza Carioca - Grande (8 Pedaços)
2026-06-16 13:34:27,300 - INFO - Abrindo menu de opções...
2026-06-16 13:34:27,752 - INFO - Clicando em duplicar...
2026-06-16 13:34:30,004 - INFO - Preenchendo nome...
2026-06-16 13:34:31,360 - INFO - Preenchendo descrição...
2026-06-16 13:34:33,017 - INFO - Preenchendo preço: 59.90...
2026-06-16 13:34:36,226 - INFO - Enviando formulário...
2026-06-16 13:34:39,731 - INFO - Adicionando item: Pizza Paulista - Grande (8 Pedaços)
2026-06-16 13:34:40,182 - INFO - Abrindo menu de opções...
2026-06-16 13:34:40,634 - INFO - Clicando em duplicar...
2026-06-16 13:34:42,886 - INFO - Preenchendo nome...
2026-06-16 13:34:44,242 - INFO - Preenchendo descrição...
2026-06-16 13:34:45,899 - INFO - Preenchendo preço: 59.90...
2026-06-16 13:34:49,109 - INFO - Enviando formulário...
2026-06-16 13:34:52,614 - INFO - Adicionando item: Pizza Forneiro - Grande (8 Pedaços)
2026-06-16 13:34:53,065 - INFO - Abrindo menu de opções...
2026-06-16 13:34:53,517 - INFO - Clicando em duplicar...
2026-06-16 13:34:55,769 - INFO - Preenchendo nome...
2026-06-16 13:34:57,124 - INFO - Preenchendo descrição...
2026-06-16 13:34:58,781 - INFO - Preenchendo preço: 59.90...
2026-06-16 13:35:01,991 - INFO - Enviando formulário...
2026-06-16 13:35:05,495 - INFO - Adicionando item: Pizza do Motoboy - Grande (8 Pedaços)
2026-06-16 13:35:05,947 - INFO - Abrindo menu de opções...
2026-06-16 13:35:06,399 - INFO - Clicando em duplicar...
2026-06-16 13:35:08,650 - INFO - Preenchendo nome...
2026-06-16 13:35:10,006 - INFO - Preenchendo descrição...
2026-06-16 13:35:11,663 - INFO - Preenchendo preço: 59.90...
2026-06-16 13:35:14,872 - INFO - Enviando formulário...
2026-06-16 13:35:18,376 - INFO - Adicionando item: Pizza Imperial - Grande (8 Pedaços)
2026-06-16 13:35:18,827 - INFO - Abrindo menu de opções...
2026-06-16 13:35:19,279 - INFO - Clicando em duplicar...
2026-06-16 13:35:21,531 - INFO - Preenchendo nome...
2026-06-16 13:35:22,887 - INFO - Preenchendo descrição...
2026-06-16 13:35:24,545 - INFO - Preenchendo preço: 59.90...
2026-06-16 13:35:27,756 - INFO - Enviando formulário...
2026-06-16 13:35:31,261 - INFO - Adicionando item: Pizza Jova Rural - Grande (8 Pedaços)
2026-06-16 13:35:31,712 - INFO - Abrindo menu de opções...
2026-06-16 13:35:32,163 - INFO - Clicando em duplicar...
2026-06-16 13:35:34,415 - INFO - Preenchendo nome...
2026-06-16 13:35:35,772 - INFO - Preenchendo descrição...
2026-06-16 13:35:37,428 - INFO - Preenchendo preço: 59.90...
2026-06-16 13:35:40,638 - INFO - Enviando formulário...
2026-06-16 13:35:44,145 - INFO - Adicionando item: Pizza Baiana 1 - Grande (8 Pedaços)
2026-06-16 13:35:44,596 - INFO - Abrindo menu de opções...
2026-06-16 13:35:45,048 - INFO - Clicando em duplicar...
2026-06-16 13:35:47,300 - INFO - Preenchendo nome...
2026-06-16 13:35:48,656 - INFO - Preenchendo descrição...
2026-06-16 13:35:50,312 - INFO - Preenchendo preço: 59.90...
2026-06-16 13:35:53,522 - INFO - Enviando formulário...
2026-06-16 13:35:57,026 - INFO - Adicionando item: Pizza Baiana 2 - Grande (8 Pedaços)
2026-06-16 13:35:57,477 - INFO - Abrindo menu de opções...
2026-06-16 13:35:57,929 - INFO - Clicando em duplicar...
2026-06-16 13:36:00,182 - INFO - Preenchendo nome...
2026-06-16 13:36:01,539 - INFO - Preenchendo descrição...
2026-06-16 13:36:03,196 - INFO - Preenchendo preço: 59.90...
2026-06-16 13:36:06,405 - INFO - Enviando formulário...
2026-06-16 13:36:09,912 - INFO - Adicionando item: Pizza Toscana - Grande (8 Pedaços)
2026-06-16 13:36:10,363 - INFO - Abrindo menu de opções...
2026-06-16 13:36:10,815 - INFO - Clicando em duplicar...
2026-06-16 13:36:13,067 - INFO - Preenchendo nome...
2026-06-16 13:36:14,423 - INFO - Preenchendo descrição...
2026-06-16 13:36:16,080 - INFO - Preenchendo preço: 59.90...
2026-06-16 13:36:19,291 - INFO - Enviando formulário...
2026-06-16 13:36:22,796 - INFO - Adicionando item: Pizza Viena - Grande (8 Pedaços)
2026-06-16 13:36:23,247 - INFO - Abrindo menu de opções...
2026-06-16 13:36:23,699 - INFO - Clicando em duplicar...
2026-06-16 13:36:25,951 - INFO - Preenchendo nome...
2026-06-16 13:36:27,307 - INFO - Preenchendo descrição...
2026-06-16 13:36:28,964 - INFO - Preenchendo preço: 59.90...
2026-06-16 13:36:32,174 - INFO - Enviando formulário...
2026-06-16 13:36:35,680 - INFO - Adicionando item: Pizza Vila Nilo - Grande (8 Pedaços)
2026-06-16 13:36:36,131 - INFO - Abrindo menu de opções...
2026-06-16 13:36:36,583 - INFO - Clicando em duplicar...
2026-06-16 13:36:38,835 - INFO - Preenchendo nome...
2026-06-16 13:36:40,190 - INFO - Preenchendo descrição...
2026-06-16 13:36:41,848 - INFO - Preenchendo preço: 59.90...
2026-06-16 13:36:45,057 - INFO - Enviando formulário...
2026-06-16 13:36:48,563 - INFO - Adicionando item: Pizza Frango - Grande (8 Pedaços)
2026-06-16 13:36:49,014 - INFO - Abrindo menu de opções...
2026-06-16 13:36:49,466 - INFO - Clicando em duplicar...
2026-06-16 13:36:51,718 - INFO - Preenchendo nome...
2026-06-16 13:36:53,074 - INFO - Preenchendo descrição...
2026-06-16 13:36:54,731 - INFO - Preenchendo preço: 59.90...
2026-06-16 13:36:57,942 - INFO - Enviando formulário...
2026-06-16 13:37:01,447 - INFO - Adicionando item: Pizza Caipira - Grande (8 Pedaços)
2026-06-16 13:37:01,898 - INFO - Abrindo menu de opções...
2026-06-16 13:37:02,349 - INFO - Clicando em duplicar...
2026-06-16 13:37:04,601 - INFO - Preenchendo nome...
2026-06-16 13:37:05,957 - INFO - Preenchendo descrição...
2026-06-16 13:37:07,614 - INFO - Preenchendo preço: 59.90...
2026-06-16 13:37:10,824 - INFO - Enviando formulário...
2026-06-16 13:37:14,328 - INFO - Adicionando item: Pizza Abb - Grande (8 Pedaços)
2026-06-16 13:37:14,779 - INFO - Abrindo menu de opções...
2026-06-16 13:37:15,230 - INFO - Clicando em duplicar...
2026-06-16 13:37:17,482 - INFO - Preenchendo nome...
2026-06-16 13:37:18,838 - INFO - Preenchendo descrição...
2026-06-16 13:37:20,496 - INFO - Preenchendo preço: 59.90...
2026-06-16 13:37:23,706 - INFO - Enviando formulário...
2026-06-16 13:37:27,214 - INFO - Adicionando item: Pizza Chic - Grande (8 Pedaços)
2026-06-16 13:37:27,665 - INFO - Abrindo menu de opções...
2026-06-16 13:37:28,117 - INFO - Clicando em duplicar...
2026-06-16 13:37:30,369 - INFO - Preenchendo nome...
2026-06-16 13:37:31,725 - INFO - Preenchendo descrição...
2026-06-16 13:37:33,382 - INFO - Preenchendo preço: 59.90...
2026-06-16 13:37:36,592 - INFO - Enviando formulário...
2026-06-16 13:37:40,098 - INFO - Adicionando item: Pizza Nova Galvão - Grande (8 Pedaços)
2026-06-16 13:37:40,549 - INFO - Abrindo menu de opções...
2026-06-16 13:37:41,001 - INFO - Clicando em duplicar...
2026-06-16 13:37:43,253 - INFO - Preenchendo nome...
2026-06-16 13:37:44,609 - INFO - Preenchendo descrição...
2026-06-16 13:37:46,266 - INFO - Preenchendo preço: 59.90...
2026-06-16 13:37:49,476 - INFO - Enviando formulário...
2026-06-16 13:37:52,982 - INFO - Adicionando item: Pizza Vitória - Grande (8 Pedaços)
2026-06-16 13:37:53,433 - INFO - Abrindo menu de opções...
2026-06-16 13:37:53,885 - INFO - Clicando em duplicar...
2026-06-16 13:37:56,137 - INFO - Preenchendo nome...
2026-06-16 13:37:57,493 - INFO - Preenchendo descrição...
2026-06-16 13:37:59,150 - INFO - Preenchendo preço: 59.90...
2026-06-16 13:38:02,360 - INFO - Enviando formulário...
2026-06-16 13:38:05,864 - INFO - Adicionando item: Pizza Brócolis - Grande (8 Pedaços)
2026-06-16 13:38:06,315 - INFO - Abrindo menu de opções...
2026-06-16 13:38:06,767 - INFO - Clicando em duplicar...
2026-06-16 13:38:09,018 - INFO - Preenchendo nome...
2026-06-16 13:38:10,375 - INFO - Preenchendo descrição...
2026-06-16 13:38:12,032 - INFO - Preenchendo preço: 59.90...
2026-06-16 13:38:15,242 - INFO - Enviando formulário...
2026-06-16 13:38:18,749 - INFO - Adicionando item: Pizza Brócolis 2 - Grande (8 Pedaços)
2026-06-16 13:38:19,200 - INFO - Abrindo menu de opções...
2026-06-16 13:38:19,652 - INFO - Clicando em duplicar...
2026-06-16 13:38:21,903 - INFO - Preenchendo nome...
2026-06-16 13:38:23,259 - INFO - Preenchendo descrição...
2026-06-16 13:38:24,917 - INFO - Preenchendo preço: 59.90...
2026-06-16 13:38:28,128 - INFO - Enviando formulário...
2026-06-16 13:38:31,633 - INFO - Adicionando item: Pizza Vila Galvão - Grande (8 Pedaços)
2026-06-16 13:38:32,084 - INFO - Abrindo menu de opções...
2026-06-16 13:38:32,537 - INFO - Clicando em duplicar...
2026-06-16 13:38:34,789 - INFO - Preenchendo nome...
2026-06-16 13:38:36,145 - INFO - Preenchendo descrição...
2026-06-16 13:38:37,801 - INFO - Preenchendo preço: 59.90...
2026-06-16 13:38:41,012 - INFO - Enviando formulário...
2026-06-16 13:38:44,516 - INFO - Adicionando item: Pizza Milho Verde - Grande (8 Pedaços)
2026-06-16 13:38:44,967 - INFO - Abrindo menu de opções...
2026-06-16 13:38:45,419 - INFO - Clicando em duplicar...
2026-06-16 13:38:47,671 - INFO - Preenchendo nome...
2026-06-16 13:38:49,027 - INFO - Preenchendo descrição...
2026-06-16 13:38:50,683 - INFO - Preenchendo preço: 59.90...
2026-06-16 13:38:53,894 - INFO - Enviando formulário...
2026-06-16 13:38:57,400 - INFO - Adicionando item: Pizza Palmito com Mussarela - Grande (8 Pedaços)
2026-06-16 13:38:57,851 - INFO - Abrindo menu de opções...
2026-06-16 13:38:58,303 - INFO - Clicando em duplicar...
2026-06-16 13:39:00,556 - INFO - Preenchendo nome...
2026-06-16 13:39:01,912 - INFO - Preenchendo descrição...
2026-06-16 13:39:03,569 - INFO - Preenchendo preço: 59.90...
2026-06-16 13:39:06,779 - INFO - Enviando formulário...
2026-06-16 13:39:10,284 - INFO - Adicionando item: Pizza Palmito com Catupiry - Grande (8 Pedaços)
2026-06-16 13:39:10,735 - INFO - Abrindo menu de opções...
2026-06-16 13:39:11,187 - INFO - Clicando em duplicar...
2026-06-16 13:39:13,439 - INFO - Preenchendo nome...
2026-06-16 13:39:14,795 - INFO - Preenchendo descrição...
2026-06-16 13:39:16,452 - INFO - Preenchendo preço: 59.90...
2026-06-16 13:39:19,662 - INFO - Enviando formulário...
2026-06-16 13:39:23,167 - INFO - Adicionando item: Pizza Vegetariana - Grande (8 Pedaços)
2026-06-16 13:39:23,618 - INFO - Abrindo menu de opções...
2026-06-16 13:39:24,070 - INFO - Clicando em duplicar...
2026-06-16 13:39:26,322 - INFO - Preenchendo nome...
2026-06-16 13:39:27,678 - INFO - Preenchendo descrição...
2026-06-16 13:39:29,336 - INFO - Preenchendo preço: 59.90...
2026-06-16 13:39:32,545 - INFO - Enviando formulário...
2026-06-16 13:39:36,051 - INFO - Adicionando item: Pizza Escarola - Grande (8 Pedaços)
2026-06-16 13:39:36,502 - INFO - Abrindo menu de opções...
2026-06-16 13:39:36,954 - INFO - Clicando em duplicar...
2026-06-16 13:39:39,206 - INFO - Preenchendo nome...
2026-06-16 13:39:40,562 - INFO - Preenchendo descrição...
2026-06-16 13:39:42,218 - INFO - Preenchendo preço: 59.90...
2026-06-16 13:39:45,429 - INFO - Enviando formulário...
2026-06-16 13:39:48,933 - INFO - Adicionando item: Pizza Francesa 1 - Grande (8 Pedaços)
2026-06-16 13:39:49,383 - INFO - Abrindo menu de opções...
2026-06-16 13:39:49,835 - INFO - Clicando em duplicar...
2026-06-16 13:39:52,087 - INFO - Preenchendo nome...
2026-06-16 13:39:53,443 - INFO - Preenchendo descrição...
2026-06-16 13:39:55,099 - INFO - Preenchendo preço: 59.90...
2026-06-16 13:39:58,306 - INFO - Enviando formulário...
2026-06-16 13:40:01,810 - INFO - Adicionando item: Pizza Francesa 2 - Grande (8 Pedaços)
2026-06-16 13:40:02,261 - INFO - Abrindo menu de opções...
2026-06-16 13:40:02,713 - INFO - Clicando em duplicar...
2026-06-16 13:40:04,964 - INFO - Preenchendo nome...
2026-06-16 13:40:06,320 - INFO - Preenchendo descrição...
2026-06-16 13:40:07,976 - INFO - Preenchendo preço: 59.90...
2026-06-16 13:40:11,186 - INFO - Enviando formulário...
2026-06-16 13:40:14,689 - INFO - Adicionando item: Pizza Lombo com Mussarela - Grande (8 Pedaços)
2026-06-16 13:40:15,140 - INFO - Abrindo menu de opções...
2026-06-16 13:40:15,592 - INFO - Clicando em duplicar...
2026-06-16 13:40:17,843 - INFO - Preenchendo nome...
2026-06-16 13:40:19,199 - INFO - Preenchendo descrição...
2026-06-16 13:40:20,855 - INFO - Preenchendo preço: 59.90...
2026-06-16 13:40:24,064 - INFO - Enviando formulário...
2026-06-16 13:40:27,567 - INFO - Adicionando item: Pizza Lombo com Catupiry - Grande (8 Pedaços)
2026-06-16 13:40:28,018 - INFO - Abrindo menu de opções...
2026-06-16 13:40:28,470 - INFO - Clicando em duplicar...
2026-06-16 13:40:30,722 - INFO - Preenchendo nome...
2026-06-16 13:40:32,077 - INFO - Preenchendo descrição...
2026-06-16 13:40:33,733 - INFO - Preenchendo preço: 59.90...
2026-06-16 13:40:36,942 - INFO - Enviando formulário...
2026-06-16 13:40:40,446 - INFO - Adicionando item: Pizza La Itália - Grande (8 Pedaços)
2026-06-16 13:40:40,897 - INFO - Abrindo menu de opções...
2026-06-16 13:40:41,349 - INFO - Clicando em duplicar...
2026-06-16 13:40:43,600 - INFO - Preenchendo nome...
2026-06-16 13:40:44,956 - INFO - Preenchendo descrição...
2026-06-16 13:40:46,612 - INFO - Preenchendo preço: 59.90...
2026-06-16 13:40:49,821 - INFO - Enviando formulário...
2026-06-16 13:40:53,325 - INFO - Adicionando item: Pizza Pepperoni - Grande (8 Pedaços)
2026-06-16 13:40:53,776 - INFO - Abrindo menu de opções...
2026-06-16 13:40:54,228 - INFO - Clicando em duplicar...
2026-06-16 13:40:56,479 - INFO - Preenchendo nome...
2026-06-16 13:40:57,835 - INFO - Preenchendo descrição...
2026-06-16 13:40:59,491 - INFO - Preenchendo preço: 59.90...
2026-06-16 13:41:02,700 - INFO - Enviando formulário...
2026-06-16 13:41:06,204 - INFO - Adicionando item: Pizza Peito de Peru - Grande (8 Pedaços)
2026-06-16 13:41:06,655 - INFO - Abrindo menu de opções...
2026-06-16 13:41:07,106 - INFO - Clicando em duplicar...
2026-06-16 13:41:09,358 - INFO - Preenchendo nome...
2026-06-16 13:41:10,713 - INFO - Preenchendo descrição...
2026-06-16 13:41:12,369 - INFO - Preenchendo preço: 59.90...
2026-06-16 13:41:15,577 - INFO - Enviando formulário...
2026-06-16 13:41:19,081 - INFO - 
==================================================
2026-06-16 13:41:19,081 - INFO - Resumo: 57 adicionados, 0 falhados
2026-06-16 13:41:19,082 - INFO - ==================================================
2026-06-16 13:41:22,931 - INFO - Cardápio criado com sucesso!
2026-06-16 13:56:15,166 - INFO - Automação inicializada
2026-06-16 13:56:15,166 - INFO - Iniciando criação de cardápio...
2026-06-16 13:56:15,167 - INFO - Alternando para janela da aplicação...
2026-06-16 13:56:15,667 - INFO - Processando 3 linhas do arquivo
2026-06-16 13:56:15,667 - INFO - Adicionando item: Pizza TESTE - Grande (8 Pedaços)
2026-06-16 13:56:41,929 - INFO - Automação inicializada
2026-06-16 13:56:41,930 - INFO - Iniciando criação de cardápio...
2026-06-16 13:56:41,930 - INFO - Alternando para janela da aplicação...
2026-06-16 13:56:42,431 - INFO - Processando 3 linhas do arquivo
2026-06-16 13:56:42,431 - INFO - Adicionando item: Pizza TESTE - Grande (8 Pedaços)
2026-06-16 13:56:43,132 - INFO - Abrindo menu de opções...
2026-06-16 13:56:43,834 - INFO - Clicando em duplicar...
2026-06-16 13:56:46,336 - INFO - Preenchendo nome...
2026-06-16 13:56:48,442 - INFO - Preenchendo descrição...
2026-06-16 13:56:51,349 - INFO - Preenchendo preço: 59.90...
2026-06-16 13:56:56,559 - INFO - Enviando formulário...
2026-06-16 13:57:00,566 - INFO - Adicionando item: Pizza TESTE2 - Grande (8 Pedaços)
2026-06-16 13:57:01,267 - INFO - Abrindo menu de opções...
2026-06-16 13:57:01,969 - INFO - Clicando em duplicar...
2026-06-16 13:57:04,471 - INFO - Preenchendo nome...
2026-06-16 13:57:06,576 - INFO - Preenchendo descrição...
2026-06-16 13:57:09,482 - INFO - Preenchendo preço: 59.90...
2026-06-16 13:57:14,692 - INFO - Enviando formulário...
2026-06-16 13:57:18,696 - INFO - Adicionando item: Pizza 2 TESTE3 - Grande (8 Pedaços)
2026-06-16 13:57:19,397 - INFO - Abrindo menu de opções...
2026-06-16 13:57:20,098 - INFO - Clicando em duplicar...
2026-06-16 13:57:22,600 - INFO - Preenchendo nome...
2026-06-16 13:57:24,705 - INFO - Preenchendo descrição...
2026-06-16 13:57:27,611 - INFO - Preenchendo preço: 59.90...
2026-06-16 13:57:32,820 - INFO - Enviando formulário...
2026-06-16 13:57:36,823 - INFO - 
==================================================
2026-06-16 13:57:36,824 - INFO - Resumo: 3 adicionados, 0 falhados
2026-06-16 13:57:36,824 - INFO - ==================================================
2026-06-16 13:57:41,131 - INFO - Cardápio criado com sucesso!
2026-06-16 13:58:04,762 - INFO - Automação inicializada
2026-06-16 13:58:04,763 - INFO - Iniciando criação de cardápio...
2026-06-16 13:58:04,763 - INFO - Alternando para janela da aplicação...
2026-06-16 13:58:05,263 - INFO - Processando 3 linhas do arquivo
2026-06-16 13:58:05,264 - INFO - Adicionando item: Pizza TESTE11 - Grande (8 Pedaços)
2026-06-16 13:58:05,965 - INFO - Abrindo menu de opções...
2026-06-16 13:58:06,667 - INFO - Clicando em duplicar...
2026-06-16 13:58:09,168 - INFO - Preenchendo nome...
2026-06-16 13:58:11,274 - INFO - Preenchendo descrição...
2026-06-16 13:58:58,342 - INFO - Automação melhorada inicializada
2026-06-16 13:59:13,984 - INFO - Processando [1/1]: Pizza TESTE11 - Grande (8 Pedaços)
2026-06-16 13:59:13,985 - INFO - Tentativa 1/3: Pizza TESTE11 - Grande (8 Pedaços)
2026-06-16 14:02:06,356 - INFO - Automação melhorada inicializada
2026-06-16 14:02:13,216 - INFO - Processando [1/3]: Pizza TESTE11 - Grande (8 Pedaços)
2026-06-16 14:02:13,216 - INFO - Tentativa 1/3: Pizza TESTE11 - Grande (8 Pedaços)
