2026-06-19 12:06:25,202 - INFO - Automaçăo inicializada
2026-06-19 12:06:25,203 - INFO - Iniciando criaçăo de cardápio...
2026-06-19 12:06:25,203 - INFO - Alternando para janela da aplicaçăo...
2026-06-19 12:06:25,703 - INFO - Processando 57 linhas do arquivo
2026-06-19 12:06:25,703 - INFO - Adicionando item: Pizza Catupiry Broto (4 Pedaços) + Coca 2l
2026-06-19 12:06:26,404 - INFO - Abrindo menu de opçőes...
2026-06-19 12:06:27,107 - INFO - Clicando em duplicar...
2026-06-19 12:06:29,612 - INFO - Preenchendo nome...
2026-06-19 12:06:31,721 - INFO - Preenchendo descriçăo...
2026-06-19 12:06:34,627 - INFO - Preenchendo preço: 54.90...
2026-06-19 12:06:39,837 - INFO - Enviando formulário...
2026-06-19 12:06:43,905 - INFO - Adicionando item: Pizza Mussarela Broto (4 Pedaços) + Coca 2l
2026-06-19 12:06:44,606 - INFO - Abrindo menu de opçőes...
2026-06-19 12:06:45,307 - INFO - Clicando em duplicar...
2026-06-19 12:06:47,809 - INFO - Preenchendo nome...
2026-06-19 12:06:49,914 - INFO - Preenchendo descriçăo...
2026-06-19 12:06:52,821 - INFO - Preenchendo preço: 54.90...
2026-06-19 12:06:58,031 - INFO - Enviando formulário...
2026-06-19 12:07:02,035 - INFO - Adicionando item: Pizza 2 Queijos Broto (4 Pedaços) + Coca 2l
2026-06-19 12:07:02,736 - INFO - Abrindo menu de opçőes...
2026-06-19 12:07:03,438 - INFO - Clicando em duplicar...
2026-06-19 12:07:05,939 - INFO - Preenchendo nome...
2026-06-19 12:07:08,045 - INFO - Preenchendo descriçăo...
2026-06-19 12:07:10,951 - INFO - Preenchendo preço: 54.90...
2026-06-19 12:07:16,160 - INFO - Enviando formulário...
2026-06-19 12:07:20,164 - INFO - Adicionando item: Pizza 3 Queijos Broto (4 Pedaços) + Coca 2l
2026-06-19 12:07:20,865 - INFO - Abrindo menu de opçőes...
2026-06-19 12:07:21,566 - INFO - Clicando em duplicar...
2026-06-19 12:07:24,067 - INFO - Preenchendo nome...
2026-06-19 12:07:26,172 - INFO - Preenchendo descriçăo...
2026-06-19 12:07:29,078 - INFO - Preenchendo preço: 54.90...
2026-06-19 12:07:34,288 - INFO - Enviando formulário...
2026-06-19 12:07:38,292 - INFO - Adicionando item: Pizza 4 Queijos Broto (4 Pedaços) + Coca 2l
2026-06-19 12:07:38,993 - INFO - Abrindo menu de opçőes...
2026-06-19 12:07:39,694 - INFO - Clicando em duplicar...
2026-06-19 12:07:42,196 - INFO - Preenchendo nome...
2026-06-19 12:07:44,301 - INFO - Preenchendo descriçăo...
2026-06-19 12:07:47,207 - INFO - Preenchendo preço: 54.90...
2026-06-19 12:07:52,416 - INFO - Enviando formulário...
2026-06-19 12:07:56,419 - INFO - Adicionando item: Pizza 5 Queijos Broto (4 Pedaços) + Coca 2l
2026-06-19 12:07:57,120 - INFO - Abrindo menu de opçőes...
2026-06-19 12:07:57,821 - INFO - Clicando em duplicar...
2026-06-19 12:08:00,322 - INFO - Preenchendo nome...
2026-06-19 12:08:02,428 - INFO - Preenchendo descriçăo...
2026-06-19 12:08:05,335 - INFO - Preenchendo preço: 54.90...
2026-06-19 12:08:10,545 - INFO - Enviando formulário...
2026-06-19 12:08:14,548 - INFO - Adicionando item: Pizza Marguerita Broto (4 Pedaços) + Coca 2l
2026-06-19 12:08:15,249 - INFO - Abrindo menu de opçőes...
2026-06-19 12:08:15,950 - INFO - Clicando em duplicar...
2026-06-19 12:08:18,452 - INFO - Preenchendo nome...
2026-06-19 12:08:20,558 - INFO - Preenchendo descriçăo...
2026-06-19 12:08:23,463 - INFO - Preenchendo preço: 54.90...
2026-06-19 12:08:28,673 - INFO - Enviando formulário...
2026-06-19 12:08:32,676 - INFO - Adicionando item: Pizza Napolitana Broto (4 Pedaços) + Coca 2l
2026-06-19 12:08:33,377 - INFO - Abrindo menu de opçőes...
2026-06-19 12:08:34,079 - INFO - Clicando em duplicar...
2026-06-19 12:08:36,580 - INFO - Preenchendo nome...
2026-06-19 12:08:38,686 - INFO - Preenchendo descriçăo...
2026-06-19 12:08:41,592 - INFO - Preenchendo preço: 54.90...
2026-06-19 12:08:46,801 - INFO - Enviando formulário...
2026-06-19 12:08:50,804 - INFO - Adicionando item: Pizza Alho Broto (4 Pedaços) + Coca 2l
2026-06-19 12:08:51,505 - INFO - Abrindo menu de opçőes...
2026-06-19 12:08:52,206 - INFO - Clicando em duplicar...
2026-06-19 12:08:54,708 - INFO - Preenchendo nome...
2026-06-19 12:08:56,813 - INFO - Preenchendo descriçăo...
2026-06-19 12:08:59,719 - INFO - Preenchendo preço: 54.90...
2026-06-19 12:09:04,929 - INFO - Enviando formulário...
2026-06-19 12:09:08,932 - INFO - Adicionando item: Pizza Atum 1 Broto (4 Pedaços) + Coca 2l
2026-06-19 12:09:09,633 - INFO - Abrindo menu de opçőes...
2026-06-19 12:09:10,334 - INFO - Clicando em duplicar...
2026-06-19 12:09:12,835 - INFO - Preenchendo nome...
2026-06-19 12:09:14,941 - INFO - Preenchendo descriçăo...
2026-06-19 12:09:17,847 - INFO - Preenchendo preço: 54.90...
2026-06-19 12:09:23,056 - INFO - Enviando formulário...
2026-06-19 12:09:27,060 - INFO - Adicionando item: Pizza Atum 2 Broto (4 Pedaços) + Coca 2l
2026-06-19 12:09:27,761 - INFO - Abrindo menu de opçőes...
2026-06-19 12:09:28,471 - INFO - Clicando em duplicar...
2026-06-19 12:09:30,972 - INFO - Preenchendo nome...
2026-06-19 12:09:33,077 - INFO - Preenchendo descriçăo...
2026-06-19 12:09:35,983 - INFO - Preenchendo preço: 54.90...
2026-06-19 12:09:41,192 - INFO - Enviando formulário...
2026-06-19 12:09:45,196 - INFO - Adicionando item: Pizza Atum 3 Broto (4 Pedaços) + Coca 2l
2026-06-19 12:09:45,897 - INFO - Abrindo menu de opçőes...
2026-06-19 12:09:46,599 - INFO - Clicando em duplicar...
2026-06-19 12:09:49,100 - INFO - Preenchendo nome...
2026-06-19 12:09:51,205 - INFO - Preenchendo descriçăo...
2026-06-19 12:09:54,112 - INFO - Preenchendo preço: 54.90...
2026-06-19 12:09:59,321 - INFO - Enviando formulário...
2026-06-19 12:10:03,325 - INFO - Adicionando item: Pizza Cecap Broto (4 Pedaços) + Coca 2l
2026-06-19 12:10:04,026 - INFO - Abrindo menu de opçőes...
2026-06-19 12:10:04,727 - INFO - Clicando em duplicar...
2026-06-19 12:10:07,229 - INFO - Preenchendo nome...
2026-06-19 12:10:09,333 - INFO - Preenchendo descriçăo...
2026-06-19 12:10:12,240 - INFO - Preenchendo preço: 54.90...
2026-06-19 12:10:17,449 - INFO - Enviando formulário...
2026-06-19 12:10:21,453 - INFO - Adicionando item: Pizza Peruana Broto (4 Pedaços) + Coca 2l
2026-06-19 12:10:22,154 - INFO - Abrindo menu de opçőes...
2026-06-19 12:10:22,855 - INFO - Clicando em duplicar...
2026-06-19 12:10:25,357 - INFO - Preenchendo nome...
2026-06-19 12:10:27,462 - INFO - Preenchendo descriçăo...
2026-06-19 12:10:30,367 - INFO - Preenchendo preço: 54.90...
2026-06-19 12:10:35,575 - INFO - Enviando formulário...
2026-06-19 12:10:39,579 - INFO - Adicionando item: Pizza Americana Broto (4 Pedaços) + Coca 2l
2026-06-19 12:10:40,280 - INFO - Abrindo menu de opçőes...
2026-06-19 12:10:40,981 - INFO - Clicando em duplicar...
2026-06-19 12:10:43,483 - INFO - Preenchendo nome...
2026-06-19 12:10:45,588 - INFO - Preenchendo descriçăo...
2026-06-19 12:10:48,493 - INFO - Preenchendo preço: 54.90...
2026-06-19 12:10:53,701 - INFO - Enviando formulário...
2026-06-19 12:10:57,704 - INFO - Adicionando item: Pizza Bacon Broto (4 Pedaços) + Coca 2l
2026-06-19 12:10:58,405 - INFO - Abrindo menu de opçőes...
2026-06-19 12:10:59,107 - INFO - Clicando em duplicar...
2026-06-19 12:11:01,608 - INFO - Preenchendo nome...
2026-06-19 12:11:03,713 - INFO - Preenchendo descriçăo...
2026-06-19 12:11:06,619 - INFO - Preenchendo preço: 54.90...
2026-06-19 12:11:11,829 - INFO - Enviando formulário...
2026-06-19 12:11:15,836 - INFO - Adicionando item: Pizza Siciliana Broto (4 Pedaços) + Coca 2l
2026-06-19 12:11:16,537 - INFO - Abrindo menu de opçőes...
2026-06-19 12:11:17,239 - INFO - Clicando em duplicar...
2026-06-19 12:11:19,740 - INFO - Preenchendo nome...
2026-06-19 12:11:21,846 - INFO - Preenchendo descriçăo...
2026-06-19 12:11:24,751 - INFO - Preenchendo preço: 54.90...
2026-06-19 12:11:29,961 - INFO - Enviando formulário...
2026-06-19 12:11:33,965 - INFO - Adicionando item: Pizza Portuguesa Broto (4 Pedaços) + Coca 2l
2026-06-19 12:11:34,666 - INFO - Abrindo menu de opçőes...
2026-06-19 12:11:35,367 - INFO - Clicando em duplicar...
2026-06-19 12:11:37,869 - INFO - Preenchendo nome...
2026-06-19 12:11:39,973 - INFO - Preenchendo descriçăo...
2026-06-19 12:11:42,880 - INFO - Preenchendo preço: 54.90...
2026-06-19 12:11:48,090 - INFO - Enviando formulário...
2026-06-19 12:11:52,094 - INFO - Adicionando item: Pizza Bauru Broto (4 Pedaços) + Coca 2l
2026-06-19 12:11:52,794 - INFO - Abrindo menu de opçőes...
2026-06-19 12:11:53,496 - INFO - Clicando em duplicar...
2026-06-19 12:11:55,998 - INFO - Preenchendo nome...
2026-06-19 12:11:58,103 - INFO - Preenchendo descriçăo...
2026-06-19 12:12:01,010 - INFO - Preenchendo preço: 54.90...
2026-06-19 12:12:06,218 - INFO - Enviando formulário...
2026-06-19 12:12:10,222 - INFO - Adicionando item: Pizza Labor Broto (4 Pedaços) + Coca 2l
2026-06-19 12:12:10,923 - INFO - Abrindo menu de opçőes...
2026-06-19 12:12:11,625 - INFO - Clicando em duplicar...
2026-06-19 12:12:14,126 - INFO - Preenchendo nome...
2026-06-19 12:12:16,232 - INFO - Preenchendo descriçăo...
2026-06-19 12:12:19,138 - INFO - Preenchendo preço: 54.90...
2026-06-19 12:12:24,347 - INFO - Enviando formulário...
2026-06-19 12:12:28,351 - INFO - Adicionando item: Pizza Moda da Casa 1 Broto (4 Pedaços) + Coca 2l
2026-06-19 12:12:29,052 - INFO - Abrindo menu de opçőes...
2026-06-19 12:12:29,758 - INFO - Clicando em duplicar...
2026-06-19 12:12:32,260 - INFO - Preenchendo nome...
2026-06-19 12:12:34,365 - INFO - Preenchendo descriçăo...
2026-06-19 12:12:37,271 - INFO - Preenchendo preço: 54.90...
2026-06-19 12:12:42,481 - INFO - Enviando formulário...
2026-06-19 12:12:46,484 - INFO - Adicionando item: Pizza Moda da Casa 2 Broto (4 Pedaços) + Coca 2l
2026-06-19 12:12:47,185 - INFO - Abrindo menu de opçőes...
2026-06-19 12:12:47,887 - INFO - Clicando em duplicar...
2026-06-19 12:12:50,388 - INFO - Preenchendo nome...
2026-06-19 12:12:52,493 - INFO - Preenchendo descriçăo...
2026-06-19 12:12:55,399 - INFO - Preenchendo preço: 54.90...
2026-06-19 12:13:00,608 - INFO - Enviando formulário...
2026-06-19 12:13:04,612 - INFO - Adicionando item: Pizza Napole Broto (4 Pedaços) + Coca 2l
2026-06-19 12:13:05,313 - INFO - Abrindo menu de opçőes...
2026-06-19 12:13:06,014 - INFO - Clicando em duplicar...
2026-06-19 12:13:08,515 - INFO - Preenchendo nome...
2026-06-19 12:13:10,621 - INFO - Preenchendo descriçăo...
2026-06-19 12:13:13,527 - INFO - Preenchendo preço: 54.90...
2026-06-19 12:13:18,736 - INFO - Enviando formulário...
2026-06-19 12:13:22,740 - INFO - Adicionando item: Pizza Calabresa Broto (4 Pedaços) + Coca 2l
2026-06-19 12:13:23,441 - INFO - Abrindo menu de opçőes...
2026-06-19 12:13:24,142 - INFO - Clicando em duplicar...
2026-06-19 12:13:26,649 - INFO - Preenchendo nome...
2026-06-19 12:13:28,754 - INFO - Preenchendo descriçăo...
2026-06-19 12:13:31,661 - INFO - Preenchendo preço: 54.90...
2026-06-19 12:13:36,870 - INFO - Enviando formulário...
2026-06-19 12:13:40,873 - INFO - Adicionando item: Pizza Calabria Broto (4 Pedaços) + Coca 2l
2026-06-19 12:13:41,574 - INFO - Abrindo menu de opçőes...
2026-06-19 12:13:42,276 - INFO - Clicando em duplicar...
2026-06-19 12:13:44,777 - INFO - Preenchendo nome...
2026-06-19 12:13:46,882 - INFO - Preenchendo descriçăo...
2026-06-19 12:13:49,789 - INFO - Preenchendo preço: 54.90...
2026-06-19 12:13:54,997 - INFO - Enviando formulário...
2026-06-19 12:13:59,000 - INFO - Adicionando item: Pizza Carioca Broto (4 Pedaços) + Coca 2l
2026-06-19 12:13:59,701 - INFO - Abrindo menu de opçőes...
2026-06-19 12:14:00,402 - INFO - Clicando em duplicar...
2026-06-19 12:14:02,903 - INFO - Preenchendo nome...
2026-06-19 12:14:05,009 - INFO - Preenchendo descriçăo...
2026-06-19 12:14:07,914 - INFO - Preenchendo preço: 54.90...
2026-06-19 12:14:13,123 - INFO - Enviando formulário...
2026-06-19 12:14:17,127 - INFO - Adicionando item: Pizza Paulista Broto (4 Pedaços) + Coca 2l
2026-06-19 12:14:17,829 - INFO - Abrindo menu de opçőes...
2026-06-19 12:14:18,530 - INFO - Clicando em duplicar...
2026-06-19 12:14:21,031 - INFO - Preenchendo nome...
2026-06-19 12:14:23,136 - INFO - Preenchendo descriçăo...
2026-06-19 12:14:26,042 - INFO - Preenchendo preço: 54.90...
2026-06-19 12:14:31,251 - INFO - Enviando formulário...
2026-06-19 12:14:35,254 - INFO - Adicionando item: Pizza Forneiro Broto (4 Pedaços) + Coca 2l
2026-06-19 12:14:35,955 - INFO - Abrindo menu de opçőes...
2026-06-19 12:14:36,657 - INFO - Clicando em duplicar...
2026-06-19 12:14:39,158 - INFO - Preenchendo nome...
2026-06-19 12:14:41,265 - INFO - Preenchendo descriçăo...
2026-06-19 12:14:44,171 - INFO - Preenchendo preço: 54.90...
2026-06-19 12:14:49,379 - INFO - Enviando formulário...
2026-06-19 12:14:53,382 - INFO - Adicionando item: Pizza do Motoboy Broto (4 Pedaços) + Coca 2l
2026-06-19 12:14:54,083 - INFO - Abrindo menu de opçőes...
2026-06-19 12:14:54,790 - INFO - Clicando em duplicar...
2026-06-19 12:14:57,291 - INFO - Preenchendo nome...
2026-06-19 12:14:59,397 - INFO - Preenchendo descriçăo...
2026-06-19 12:15:02,303 - INFO - Preenchendo preço: 54.90...
2026-06-19 12:15:07,512 - INFO - Enviando formulário...
2026-06-19 12:15:11,516 - INFO - Adicionando item: Pizza Imperial Broto (4 Pedaços) + Coca 2l
2026-06-19 12:15:12,217 - INFO - Abrindo menu de opçőes...
2026-06-19 12:15:12,918 - INFO - Clicando em duplicar...
2026-06-19 12:15:15,420 - INFO - Preenchendo nome...
2026-06-19 12:15:17,525 - INFO - Preenchendo descriçăo...
2026-06-19 12:15:20,432 - INFO - Preenchendo preço: 54.90...
2026-06-19 12:15:25,639 - INFO - Enviando formulário...
2026-06-19 12:15:29,642 - INFO - Adicionando item: Pizza Jova Rural Broto (4 Pedaços) + Coca 2l
2026-06-19 12:15:30,344 - INFO - Abrindo menu de opçőes...
2026-06-19 12:15:31,045 - INFO - Clicando em duplicar...
2026-06-19 12:15:33,546 - INFO - Preenchendo nome...
2026-06-19 12:15:35,651 - INFO - Preenchendo descriçăo...
2026-06-19 12:15:38,557 - INFO - Preenchendo preço: 54.90...
2026-06-19 12:15:43,766 - INFO - Enviando formulário...
2026-06-19 12:15:47,770 - INFO - Adicionando item: Pizza Baiana 1 Broto (4 Pedaços) + Coca 2l
2026-06-19 12:15:48,471 - INFO - Abrindo menu de opçőes...
2026-06-19 12:15:49,172 - INFO - Clicando em duplicar...
2026-06-19 12:15:51,673 - INFO - Preenchendo nome...
2026-06-19 12:15:53,779 - INFO - Preenchendo descriçăo...
2026-06-19 12:15:56,685 - INFO - Preenchendo preço: 54.90...
2026-06-19 12:16:01,893 - INFO - Enviando formulário...
2026-06-19 12:16:05,897 - INFO - Adicionando item: Pizza Baiana 2 Broto (4 Pedaços) + Coca 2l
2026-06-19 12:16:06,598 - INFO - Abrindo menu de opçőes...
2026-06-19 12:16:07,299 - INFO - Clicando em duplicar...
2026-06-19 12:16:09,801 - INFO - Preenchendo nome...
2026-06-19 12:16:11,906 - INFO - Preenchendo descriçăo...
2026-06-19 12:16:14,813 - INFO - Preenchendo preço: 54.90...
2026-06-19 12:16:20,022 - INFO - Enviando formulário...
2026-06-19 12:16:24,026 - INFO - Adicionando item: Pizza Toscana Broto (4 Pedaços) + Coca 2l
2026-06-19 12:16:24,727 - INFO - Abrindo menu de opçőes...
2026-06-19 12:16:25,429 - INFO - Clicando em duplicar...
2026-06-19 12:16:27,930 - INFO - Preenchendo nome...
2026-06-19 12:16:30,035 - INFO - Preenchendo descriçăo...
2026-06-19 12:16:32,941 - INFO - Preenchendo preço: 54.90...
2026-06-19 12:16:38,150 - INFO - Enviando formulário...
2026-06-19 12:16:42,154 - INFO - Adicionando item: Pizza Viena Broto (4 Pedaços) + Coca 2l
2026-06-19 12:16:42,854 - INFO - Abrindo menu de opçőes...
2026-06-19 12:16:43,556 - INFO - Clicando em duplicar...
2026-06-19 12:16:46,058 - INFO - Preenchendo nome...
2026-06-19 12:16:48,163 - INFO - Preenchendo descriçăo...
2026-06-19 12:16:51,068 - INFO - Preenchendo preço: 54.90...
2026-06-19 12:16:56,276 - INFO - Enviando formulário...
2026-06-19 12:17:00,280 - INFO - Adicionando item: Pizza Vila Nilo Broto (4 Pedaços) + Coca 2l
2026-06-19 12:17:00,981 - INFO - Abrindo menu de opçőes...
2026-06-19 12:17:01,683 - INFO - Clicando em duplicar...
2026-06-19 12:17:04,184 - INFO - Preenchendo nome...
2026-06-19 12:17:06,290 - INFO - Preenchendo descriçăo...
2026-06-19 12:17:09,196 - INFO - Preenchendo preço: 54.90...
2026-06-19 12:17:14,405 - INFO - Enviando formulário...
2026-06-19 12:17:18,408 - INFO - Adicionando item: Pizza Frango Broto (4 Pedaços) + Coca 2l
2026-06-19 12:17:19,109 - INFO - Abrindo menu de opçőes...
2026-06-19 12:17:19,811 - INFO - Clicando em duplicar...
2026-06-19 12:17:22,312 - INFO - Preenchendo nome...
2026-06-19 12:17:24,417 - INFO - Preenchendo descriçăo...
2026-06-19 12:17:27,323 - INFO - Preenchendo preço: 54.90...
2026-06-19 12:17:32,532 - INFO - Enviando formulário...
2026-06-19 12:17:36,535 - INFO - Adicionando item: Pizza Caipira Broto (4 Pedaços) + Coca 2l
2026-06-19 12:17:37,237 - INFO - Abrindo menu de opçőes...
2026-06-19 12:17:37,939 - INFO - Clicando em duplicar...
2026-06-19 12:17:40,440 - INFO - Preenchendo nome...
2026-06-19 12:17:42,545 - INFO - Preenchendo descriçăo...
2026-06-19 12:17:45,452 - INFO - Preenchendo preço: 54.90...
2026-06-19 12:17:50,660 - INFO - Enviando formulário...
2026-06-19 12:17:54,664 - INFO - Adicionando item: Pizza Abb Broto (4 Pedaços) + Coca 2l
2026-06-19 12:17:55,364 - INFO - Abrindo menu de opçőes...
2026-06-19 12:17:56,065 - INFO - Clicando em duplicar...
2026-06-19 12:17:58,567 - INFO - Preenchendo nome...
2026-06-19 12:18:00,672 - INFO - Preenchendo descriçăo...
2026-06-19 12:18:03,578 - INFO - Preenchendo preço: 54.90...
2026-06-19 12:18:08,787 - INFO - Enviando formulário...
2026-06-19 12:18:12,790 - INFO - Adicionando item: Pizza Chic Broto (4 Pedaços) + Coca 2l
2026-06-19 12:18:13,491 - INFO - Abrindo menu de opçőes...
2026-06-19 12:18:14,193 - INFO - Clicando em duplicar...
2026-06-19 12:18:16,694 - INFO - Preenchendo nome...
2026-06-19 12:18:18,800 - INFO - Preenchendo descriçăo...
2026-06-19 12:18:21,705 - INFO - Preenchendo preço: 54.90...
2026-06-19 12:18:26,914 - INFO - Enviando formulário...
2026-06-19 12:18:30,918 - INFO - Adicionando item: Pizza Nova Galvăo Broto (4 Pedaços) + Coca 2l
2026-06-19 12:18:31,619 - INFO - Abrindo menu de opçőes...
2026-06-19 12:18:32,321 - INFO - Clicando em duplicar...
2026-06-19 12:18:34,823 - INFO - Preenchendo nome...
2026-06-19 12:18:36,928 - INFO - Preenchendo descriçăo...
2026-06-19 12:18:39,834 - INFO - Preenchendo preço: 54.90...
2026-06-19 12:18:45,043 - INFO - Enviando formulário...
2026-06-19 12:18:49,046 - INFO - Adicionando item: Pizza Vitória Broto (4 Pedaços) + Coca 2l
2026-06-19 12:18:49,747 - INFO - Abrindo menu de opçőes...
2026-06-19 12:18:50,449 - INFO - Clicando em duplicar...
2026-06-19 12:18:52,951 - INFO - Preenchendo nome...
2026-06-19 12:18:55,056 - INFO - Preenchendo descriçăo...
2026-06-19 12:18:57,962 - INFO - Preenchendo preço: 54.90...
2026-06-19 12:19:03,170 - INFO - Enviando formulário...
2026-06-19 12:19:07,173 - INFO - Adicionando item: Pizza Brócolis Broto (4 Pedaços) + Coca 2l
2026-06-19 12:19:07,874 - INFO - Abrindo menu de opçőes...
2026-06-19 12:19:08,576 - INFO - Clicando em duplicar...
2026-06-19 12:19:11,078 - INFO - Preenchendo nome...
2026-06-19 12:19:13,183 - INFO - Preenchendo descriçăo...
2026-06-19 12:19:16,089 - INFO - Preenchendo preço: 54.90...
2026-06-19 12:19:21,298 - INFO - Enviando formulário...
2026-06-19 12:19:25,303 - INFO - Adicionando item: Pizza Brócolis 2 Broto (4 Pedaços) + Coca 2l
2026-06-19 12:19:26,004 - INFO - Abrindo menu de opçőes...
2026-06-19 12:19:26,705 - INFO - Clicando em duplicar...
2026-06-19 12:19:29,207 - INFO - Preenchendo nome...
2026-06-19 12:19:31,312 - INFO - Preenchendo descriçăo...
2026-06-19 12:19:34,219 - INFO - Preenchendo preço: 54.90...
2026-06-19 12:19:39,428 - INFO - Enviando formulário...
2026-06-19 12:19:43,431 - INFO - Adicionando item: Pizza Vila Galvăo Broto (4 Pedaços) + Coca 2l
2026-06-19 12:19:44,132 - INFO - Abrindo menu de opçőes...
2026-06-19 12:19:44,834 - INFO - Clicando em duplicar...
2026-06-19 12:19:47,336 - INFO - Preenchendo nome...
2026-06-19 12:19:49,441 - INFO - Preenchendo descriçăo...
2026-06-19 12:19:52,347 - INFO - Preenchendo preço: 54.90...
2026-06-19 12:19:57,557 - INFO - Enviando formulário...
2026-06-19 12:20:01,561 - INFO - Adicionando item: Pizza Milho Verde Broto (4 Pedaços) + Coca 2l
2026-06-19 12:20:02,262 - INFO - Abrindo menu de opçőes...
2026-06-19 12:20:02,963 - INFO - Clicando em duplicar...
2026-06-19 12:20:05,465 - INFO - Preenchendo nome...
2026-06-19 12:20:07,570 - INFO - Preenchendo descriçăo...
2026-06-19 12:20:10,475 - INFO - Preenchendo preço: 54.90...
2026-06-19 12:20:15,683 - INFO - Enviando formulário...
2026-06-19 12:20:19,687 - INFO - Adicionando item: Pizza Palmito com Mussarela Broto (4 Pedaços) + Coca 2l
2026-06-19 12:20:20,388 - INFO - Abrindo menu de opçőes...
2026-06-19 12:20:21,089 - INFO - Clicando em duplicar...
2026-06-19 12:20:23,591 - INFO - Preenchendo nome...
2026-06-19 12:20:25,696 - INFO - Preenchendo descriçăo...
2026-06-19 12:20:28,602 - INFO - Preenchendo preço: 54.90...
2026-06-19 12:20:33,811 - INFO - Enviando formulário...
2026-06-19 12:20:37,815 - INFO - Adicionando item: Pizza Palmito com Catupiry Broto (4 Pedaços) + Coca 2l
2026-06-19 12:20:38,516 - INFO - Abrindo menu de opçőes...
2026-06-19 12:20:39,217 - INFO - Clicando em duplicar...
2026-06-19 12:20:41,718 - INFO - Preenchendo nome...
2026-06-19 12:20:43,823 - INFO - Preenchendo descriçăo...
2026-06-19 12:20:46,730 - INFO - Preenchendo preço: 54.90...
2026-06-19 12:20:51,939 - INFO - Enviando formulário...
2026-06-19 12:20:55,942 - INFO - Adicionando item: Pizza Vegetariana Broto (4 Pedaços) + Coca 2l
2026-06-19 12:20:56,644 - INFO - Abrindo menu de opçőes...
2026-06-19 12:20:57,345 - INFO - Clicando em duplicar...
2026-06-19 12:20:59,846 - INFO - Preenchendo nome...
2026-06-19 12:21:01,951 - INFO - Preenchendo descriçăo...
2026-06-19 12:21:04,857 - INFO - Preenchendo preço: 54.90...
2026-06-19 12:21:10,066 - INFO - Enviando formulário...
2026-06-19 12:21:14,070 - INFO - Adicionando item: Pizza Escarola Broto (4 Pedaços) + Coca 2l
2026-06-19 12:21:14,771 - INFO - Abrindo menu de opçőes...
2026-06-19 12:21:15,473 - INFO - Clicando em duplicar...
2026-06-19 12:21:17,975 - INFO - Preenchendo nome...
2026-06-19 12:21:20,080 - INFO - Preenchendo descriçăo...
2026-06-19 12:21:22,986 - INFO - Preenchendo preço: 54.90...
2026-06-19 12:21:28,195 - INFO - Enviando formulário...
2026-06-19 12:21:32,198 - INFO - Adicionando item: Pizza Francesa 1 Broto (4 Pedaços) + Coca 2l
2026-06-19 12:21:32,899 - INFO - Abrindo menu de opçőes...
2026-06-19 12:21:33,601 - INFO - Clicando em duplicar...
2026-06-19 12:21:36,103 - INFO - Preenchendo nome...
2026-06-19 12:21:38,207 - INFO - Preenchendo descriçăo...
2026-06-19 12:21:41,113 - INFO - Preenchendo preço: 54.90...
2026-06-19 12:21:46,321 - INFO - Enviando formulário...
2026-06-19 12:21:50,325 - INFO - Adicionando item: Pizza Francesa 2 Broto (4 Pedaços) + Coca 2l
2026-06-19 12:21:51,027 - INFO - Abrindo menu de opçőes...
2026-06-19 12:21:51,728 - INFO - Clicando em duplicar...
2026-06-19 12:21:54,230 - INFO - Preenchendo nome...
2026-06-19 12:21:56,335 - INFO - Preenchendo descriçăo...
2026-06-19 12:21:59,241 - INFO - Preenchendo preço: 54.90...
2026-06-19 12:22:04,450 - INFO - Enviando formulário...
2026-06-19 12:22:08,453 - INFO - Adicionando item: Pizza Lombo com Mussarela Broto (4 Pedaços) + Coca 2l
2026-06-19 12:22:09,154 - INFO - Abrindo menu de opçőes...
2026-06-19 12:22:09,856 - INFO - Clicando em duplicar...
2026-06-19 12:22:12,357 - INFO - Preenchendo nome...
2026-06-19 12:22:14,462 - INFO - Preenchendo descriçăo...
2026-06-19 12:22:17,368 - INFO - Preenchendo preço: 54.90...
2026-06-19 12:22:22,577 - INFO - Enviando formulário...
2026-06-19 12:22:26,581 - INFO - Adicionando item: Pizza Lombo com Catupiry Broto (4 Pedaços) + Coca 2l
2026-06-19 12:22:27,282 - INFO - Abrindo menu de opçőes...
2026-06-19 12:22:27,983 - INFO - Clicando em duplicar...
2026-06-19 12:22:30,485 - INFO - Preenchendo nome...
2026-06-19 12:22:32,590 - INFO - Preenchendo descriçăo...
2026-06-19 12:22:35,495 - INFO - Preenchendo preço: 54.90...
2026-06-19 12:22:40,704 - INFO - Enviando formulário...
2026-06-19 12:22:44,708 - INFO - Adicionando item: Pizza La Itália Broto (4 Pedaços) + Coca 2l
2026-06-19 12:22:45,409 - INFO - Abrindo menu de opçőes...
2026-06-19 12:22:46,111 - INFO - Clicando em duplicar...
2026-06-19 12:22:48,613 - INFO - Preenchendo nome...
2026-06-19 12:22:50,717 - INFO - Preenchendo descriçăo...
2026-06-19 12:22:53,623 - INFO - Preenchendo preço: 54.90...
2026-06-19 12:22:58,831 - INFO - Enviando formulário...
2026-06-19 12:23:02,835 - INFO - Adicionando item: Pizza Pepperoni Broto (4 Pedaços) + Coca 2l
2026-06-19 12:23:03,536 - INFO - Abrindo menu de opçőes...
2026-06-19 12:23:04,238 - INFO - Clicando em duplicar...
2026-06-19 12:23:06,740 - INFO - Preenchendo nome...
2026-06-19 12:23:08,844 - INFO - Preenchendo descriçăo...
2026-06-19 12:23:11,751 - INFO - Preenchendo preço: 54.90...
2026-06-19 12:23:16,958 - INFO - Enviando formulário...
2026-06-19 12:23:20,962 - INFO - Adicionando item: Pizza Peito de Peru Broto (4 Pedaços) + Coca 2l
2026-06-19 12:23:21,663 - INFO - Abrindo menu de opçőes...
2026-06-19 12:23:22,365 - INFO - Clicando em duplicar...
2026-06-19 12:23:24,866 - INFO - Preenchendo nome...
2026-06-19 12:23:26,972 - INFO - Preenchendo descriçăo...
2026-06-19 12:23:29,878 - INFO - Preenchendo preço: 54.90...
2026-06-19 12:23:35,088 - INFO - Enviando formulário...
2026-06-19 12:23:39,091 - INFO - 
==================================================
2026-06-19 12:23:39,092 - INFO - Resumo: 57 adicionados, 0 falhados
2026-06-19 12:23:39,092 - INFO - ==================================================
2026-06-19 12:23:46,726 - INFO - Cardápio criado com sucesso!
2026-06-19 12:26:37,802 - INFO - Automaçăo inicializada
2026-06-19 12:26:37,802 - INFO - Iniciando criaçăo de cardápio...
2026-06-19 12:26:37,802 - INFO - Alternando para janela da aplicaçăo...
2026-06-19 12:26:38,311 - INFO - Processando 57 linhas do arquivo
2026-06-19 12:26:38,311 - INFO - Adicionando item: Pizza Catupiry Média (6 Pedaços) + Coca 2l
2026-06-19 12:26:39,012 - INFO - Abrindo menu de opçőes...
2026-06-19 12:26:39,714 - INFO - Clicando em duplicar...
2026-06-19 12:26:42,218 - INFO - Preenchendo nome...
2026-06-19 12:26:44,324 - INFO - Preenchendo descriçăo...
2026-06-19 12:26:47,231 - INFO - Preenchendo preço: 59.90...
2026-06-19 12:26:52,440 - INFO - Enviando formulário...
2026-06-19 12:26:56,445 - INFO - Adicionando item: Pizza Mussarela Média (6 Pedaços) + Coca 2l
2026-06-19 12:26:57,146 - INFO - Abrindo menu de opçőes...
2026-06-19 12:26:57,847 - INFO - Clicando em duplicar...
2026-06-19 12:27:00,349 - INFO - Preenchendo nome...
2026-06-19 12:27:02,455 - INFO - Preenchendo descriçăo...
2026-06-19 12:27:05,360 - INFO - Preenchendo preço: 59.90...
2026-06-19 12:27:10,569 - INFO - Enviando formulário...
2026-06-19 12:27:14,573 - INFO - Adicionando item: Pizza 2 Queijos Média (6 Pedaços) + Coca 2l
2026-06-19 12:27:15,274 - INFO - Abrindo menu de opçőes...
2026-06-19 12:27:15,975 - INFO - Clicando em duplicar...
2026-06-19 12:27:18,477 - INFO - Preenchendo nome...
2026-06-19 12:27:20,583 - INFO - Preenchendo descriçăo...
2026-06-19 12:27:23,488 - INFO - Preenchendo preço: 59.90...
2026-06-19 12:27:28,698 - INFO - Enviando formulário...
2026-06-19 12:27:32,702 - INFO - Adicionando item: Pizza 3 Queijos Média (6 Pedaços) + Coca 2l
2026-06-19 12:27:33,402 - INFO - Abrindo menu de opçőes...
2026-06-19 12:27:34,104 - INFO - Clicando em duplicar...
2026-06-19 12:27:36,606 - INFO - Preenchendo nome...
2026-06-19 12:27:38,712 - INFO - Preenchendo descriçăo...
2026-06-19 12:27:41,618 - INFO - Preenchendo preço: 59.90...
2026-06-19 12:27:46,825 - INFO - Enviando formulário...
2026-06-19 12:27:50,829 - INFO - Adicionando item: Pizza 4 Queijos Média (6 Pedaços) + Coca 2l
2026-06-19 12:27:51,530 - INFO - Abrindo menu de opçőes...
2026-06-19 12:27:52,231 - INFO - Clicando em duplicar...
2026-06-19 12:27:54,733 - INFO - Preenchendo nome...
2026-06-19 12:27:56,838 - INFO - Preenchendo descriçăo...
2026-06-19 12:27:59,744 - INFO - Preenchendo preço: 59.90...
2026-06-19 12:28:04,953 - INFO - Enviando formulário...
2026-06-19 12:28:08,956 - INFO - Adicionando item: Pizza 5 Queijos Média (6 Pedaços) + Coca 2l
2026-06-19 12:28:09,657 - INFO - Abrindo menu de opçőes...
2026-06-19 12:28:10,359 - INFO - Clicando em duplicar...
2026-06-19 12:28:12,861 - INFO - Preenchendo nome...
2026-06-19 12:28:14,966 - INFO - Preenchendo descriçăo...
2026-06-19 12:28:17,872 - INFO - Preenchendo preço: 59.90...
2026-06-19 12:28:23,082 - INFO - Enviando formulário...
2026-06-19 12:28:27,086 - INFO - Adicionando item: Pizza Marguerita Média (6 Pedaços) + Coca 2l
2026-06-19 12:28:27,787 - INFO - Abrindo menu de opçőes...
2026-06-19 12:28:28,489 - INFO - Clicando em duplicar...
2026-06-19 12:28:30,990 - INFO - Preenchendo nome...
2026-06-19 12:28:33,096 - INFO - Preenchendo descriçăo...
2026-06-19 12:28:36,003 - INFO - Preenchendo preço: 59.90...
2026-06-19 12:28:41,212 - INFO - Enviando formulário...
2026-06-19 12:28:45,215 - INFO - Adicionando item: Pizza Napolitana Média (6 Pedaços) + Coca 2l
2026-06-19 12:28:45,916 - INFO - Abrindo menu de opçőes...
2026-06-19 12:28:46,618 - INFO - Clicando em duplicar...
2026-06-19 12:28:49,120 - INFO - Preenchendo nome...
2026-06-19 12:28:51,225 - INFO - Preenchendo descriçăo...
2026-06-19 12:28:54,131 - INFO - Preenchendo preço: 59.90...
2026-06-19 12:28:59,339 - INFO - Enviando formulário...
2026-06-19 12:29:03,343 - INFO - Adicionando item: Pizza Alho Média (6 Pedaços) + Coca 2l
2026-06-19 12:29:04,044 - INFO - Abrindo menu de opçőes...
2026-06-19 12:29:04,745 - INFO - Clicando em duplicar...
2026-06-19 12:29:07,247 - INFO - Preenchendo nome...
2026-06-19 12:29:09,352 - INFO - Preenchendo descriçăo...
2026-06-19 12:29:12,257 - INFO - Preenchendo preço: 59.90...
2026-06-19 12:29:17,466 - INFO - Enviando formulário...
2026-06-19 12:29:21,471 - INFO - Adicionando item: Pizza Atum 1 Média (6 Pedaços) + Coca 2l
2026-06-19 12:29:22,171 - INFO - Abrindo menu de opçőes...
2026-06-19 12:29:22,874 - INFO - Clicando em duplicar...
2026-06-19 12:29:25,375 - INFO - Preenchendo nome...
2026-06-19 12:29:27,481 - INFO - Preenchendo descriçăo...
2026-06-19 12:29:30,387 - INFO - Preenchendo preço: 59.90...
2026-06-19 12:29:35,596 - INFO - Enviando formulário...
2026-06-19 12:29:39,600 - INFO - Adicionando item: Pizza Atum 2 Média (6 Pedaços) + Coca 2l
2026-06-19 12:29:40,300 - INFO - Abrindo menu de opçőes...
2026-06-19 12:29:41,002 - INFO - Clicando em duplicar...
2026-06-19 12:29:43,504 - INFO - Preenchendo nome...
2026-06-19 12:29:45,609 - INFO - Preenchendo descriçăo...
2026-06-19 12:29:48,516 - INFO - Preenchendo preço: 59.90...
2026-06-19 12:29:53,724 - INFO - Enviando formulário...
2026-06-19 12:29:57,727 - INFO - Adicionando item: Pizza Atum 3 Média (6 Pedaços) + Coca 2l
2026-06-19 12:29:58,428 - INFO - Abrindo menu de opçőes...
2026-06-19 12:29:59,130 - INFO - Clicando em duplicar...
2026-06-19 12:30:01,632 - INFO - Preenchendo nome...
2026-06-19 12:30:03,737 - INFO - Preenchendo descriçăo...
2026-06-19 12:30:06,643 - INFO - Preenchendo preço: 59.90...
2026-06-19 12:30:11,852 - INFO - Enviando formulário...
2026-06-19 12:30:15,856 - INFO - Adicionando item: Pizza Cecap Média (6 Pedaços) + Coca 2l
2026-06-19 12:30:16,557 - INFO - Abrindo menu de opçőes...
2026-06-19 12:30:17,259 - INFO - Clicando em duplicar...
2026-06-19 12:30:19,760 - INFO - Preenchendo nome...
2026-06-19 12:30:21,866 - INFO - Preenchendo descriçăo...
2026-06-19 12:30:24,772 - INFO - Preenchendo preço: 59.90...
2026-06-19 12:30:29,980 - INFO - Enviando formulário...
2026-06-19 12:30:33,984 - INFO - Adicionando item: Pizza Peruana Média (6 Pedaços) + Coca 2l
2026-06-19 12:30:34,685 - INFO - Abrindo menu de opçőes...
2026-06-19 12:30:35,386 - INFO - Clicando em duplicar...
2026-06-19 12:30:37,888 - INFO - Preenchendo nome...
2026-06-19 12:30:39,993 - INFO - Preenchendo descriçăo...
2026-06-19 12:30:42,899 - INFO - Preenchendo preço: 59.90...
2026-06-19 12:30:48,108 - INFO - Enviando formulário...
2026-06-19 12:30:52,112 - INFO - Adicionando item: Pizza Americana Média (6 Pedaços) + Coca 2l
2026-06-19 12:30:52,813 - INFO - Abrindo menu de opçőes...
2026-06-19 12:30:53,515 - INFO - Clicando em duplicar...
2026-06-19 12:30:56,017 - INFO - Preenchendo nome...
2026-06-19 12:30:58,122 - INFO - Preenchendo descriçăo...
2026-06-19 12:31:01,029 - INFO - Preenchendo preço: 59.90...
2026-06-19 12:31:06,238 - INFO - Enviando formulário...
2026-06-19 12:31:10,241 - INFO - Adicionando item: Pizza Bacon Média (6 Pedaços) + Coca 2l
2026-06-19 12:31:10,942 - INFO - Abrindo menu de opçőes...
2026-06-19 12:31:11,644 - INFO - Clicando em duplicar...
2026-06-19 12:31:14,146 - INFO - Preenchendo nome...
2026-06-19 12:31:16,251 - INFO - Preenchendo descriçăo...
2026-06-19 12:31:19,157 - INFO - Preenchendo preço: 59.90...
2026-06-19 12:31:24,365 - INFO - Enviando formulário...
2026-06-19 12:31:28,368 - INFO - Adicionando item: Pizza Siciliana Média (6 Pedaços) + Coca 2l
2026-06-19 12:31:29,069 - INFO - Abrindo menu de opçőes...
2026-06-19 12:31:29,771 - INFO - Clicando em duplicar...
2026-06-19 12:31:32,273 - INFO - Preenchendo nome...
2026-06-19 12:31:34,378 - INFO - Preenchendo descriçăo...
2026-06-19 12:31:37,284 - INFO - Preenchendo preço: 59.90...
2026-06-19 12:31:42,492 - INFO - Enviando formulário...
2026-06-19 12:31:46,495 - INFO - Adicionando item: Pizza Portuguesa Média (6 Pedaços) + Coca 2l
2026-06-19 12:31:47,196 - INFO - Abrindo menu de opçőes...
2026-06-19 12:31:47,898 - INFO - Clicando em duplicar...
2026-06-19 12:31:50,399 - INFO - Preenchendo nome...
2026-06-19 12:31:52,505 - INFO - Preenchendo descriçăo...
2026-06-19 12:31:55,411 - INFO - Preenchendo preço: 59.90...
2026-06-19 12:32:00,620 - INFO - Enviando formulário...
2026-06-19 12:32:04,624 - INFO - Adicionando item: Pizza Bauru Média (6 Pedaços) + Coca 2l
2026-06-19 12:32:05,326 - INFO - Abrindo menu de opçőes...
2026-06-19 12:32:06,027 - INFO - Clicando em duplicar...
2026-06-19 12:32:08,529 - INFO - Preenchendo nome...
2026-06-19 12:32:10,635 - INFO - Preenchendo descriçăo...
2026-06-19 12:32:13,541 - INFO - Preenchendo preço: 59.90...
2026-06-19 12:32:18,749 - INFO - Enviando formulário...
2026-06-19 12:32:22,753 - INFO - Adicionando item: Pizza Labor Média (6 Pedaços) + Coca 2l
2026-06-19 12:32:23,454 - INFO - Abrindo menu de opçőes...
2026-06-19 12:32:24,156 - INFO - Clicando em duplicar...
2026-06-19 12:32:26,658 - INFO - Preenchendo nome...
2026-06-19 12:32:28,763 - INFO - Preenchendo descriçăo...
2026-06-19 12:32:31,670 - INFO - Preenchendo preço: 59.90...
2026-06-19 12:32:36,880 - INFO - Enviando formulário...
2026-06-19 12:32:40,884 - INFO - Adicionando item: Pizza Moda da Casa 1 Média (6 Pedaços) + Coca 2l
2026-06-19 12:32:41,585 - INFO - Abrindo menu de opçőes...
2026-06-19 12:32:42,287 - INFO - Clicando em duplicar...
2026-06-19 12:32:44,788 - INFO - Preenchendo nome...
2026-06-19 12:32:46,893 - INFO - Preenchendo descriçăo...
2026-06-19 12:32:49,800 - INFO - Preenchendo preço: 59.90...
2026-06-19 12:32:55,009 - INFO - Enviando formulário...
2026-06-19 12:32:59,013 - INFO - Adicionando item: Pizza Moda da Casa 2 Média (6 Pedaços) + Coca 2l
2026-06-19 12:32:59,714 - INFO - Abrindo menu de opçőes...
2026-06-19 12:33:00,415 - INFO - Clicando em duplicar...
2026-06-19 12:33:02,917 - INFO - Preenchendo nome...
2026-06-19 12:33:05,023 - INFO - Preenchendo descriçăo...
2026-06-19 12:33:07,928 - INFO - Preenchendo preço: 59.90...
2026-06-19 12:33:13,137 - INFO - Enviando formulário...
2026-06-19 12:33:17,141 - INFO - Adicionando item: Pizza Napole Média (6 Pedaços) + Coca 2l
2026-06-19 12:33:17,842 - INFO - Abrindo menu de opçőes...
2026-06-19 12:33:18,544 - INFO - Clicando em duplicar...
2026-06-19 12:33:21,045 - INFO - Preenchendo nome...
2026-06-19 12:33:23,150 - INFO - Preenchendo descriçăo...
2026-06-19 12:33:26,057 - INFO - Preenchendo preço: 59.90...
2026-06-19 12:33:31,265 - INFO - Enviando formulário...
2026-06-19 12:33:35,269 - INFO - Adicionando item: Pizza Calabresa Média (6 Pedaços) + Coca 2l
2026-06-19 12:33:35,969 - INFO - Abrindo menu de opçőes...
2026-06-19 12:33:36,671 - INFO - Clicando em duplicar...
2026-06-19 12:33:39,173 - INFO - Preenchendo nome...
2026-06-19 12:33:41,278 - INFO - Preenchendo descriçăo...
2026-06-19 12:33:44,184 - INFO - Preenchendo preço: 59.90...
2026-06-19 12:33:49,392 - INFO - Enviando formulário...
2026-06-19 12:33:53,396 - INFO - Adicionando item: Pizza Calabria Média (6 Pedaços) + Coca 2l
2026-06-19 12:33:54,096 - INFO - Abrindo menu de opçőes...
2026-06-19 12:33:54,798 - INFO - Clicando em duplicar...
2026-06-19 12:33:57,299 - INFO - Preenchendo nome...
2026-06-19 12:33:59,404 - INFO - Preenchendo descriçăo...
2026-06-19 12:34:02,311 - INFO - Preenchendo preço: 59.90...
2026-06-19 12:34:07,520 - INFO - Enviando formulário...
2026-06-19 12:34:11,523 - INFO - Adicionando item: Pizza Carioca Média (6 Pedaços) + Coca 2l
2026-06-19 12:34:12,224 - INFO - Abrindo menu de opçőes...
2026-06-19 12:34:12,926 - INFO - Clicando em duplicar...
2026-06-19 12:34:15,427 - INFO - Preenchendo nome...
2026-06-19 12:34:17,533 - INFO - Preenchendo descriçăo...
2026-06-19 12:34:20,439 - INFO - Preenchendo preço: 59.90...
2026-06-19 12:34:25,647 - INFO - Enviando formulário...
2026-06-19 12:34:29,651 - INFO - Adicionando item: Pizza Paulista Média (6 Pedaços) + Coca 2l
2026-06-19 12:34:30,352 - INFO - Abrindo menu de opçőes...
2026-06-19 12:34:31,054 - INFO - Clicando em duplicar...
2026-06-19 12:34:33,555 - INFO - Preenchendo nome...
2026-06-19 12:34:35,661 - INFO - Preenchendo descriçăo...
2026-06-19 12:34:38,567 - INFO - Preenchendo preço: 59.90...
2026-06-19 12:34:43,776 - INFO - Enviando formulário...
2026-06-19 12:34:47,779 - INFO - Adicionando item: Pizza Forneiro Média (6 Pedaços) + Coca 2l
2026-06-19 12:34:48,480 - INFO - Abrindo menu de opçőes...
2026-06-19 12:34:49,181 - INFO - Clicando em duplicar...
2026-06-19 12:34:51,683 - INFO - Preenchendo nome...
2026-06-19 12:34:53,788 - INFO - Preenchendo descriçăo...
2026-06-19 12:34:56,695 - INFO - Preenchendo preço: 59.90...
2026-06-19 12:35:01,905 - INFO - Enviando formulário...
2026-06-19 12:35:05,909 - INFO - Adicionando item: Pizza do Motoboy Média (6 Pedaços) + Coca 2l
2026-06-19 12:35:06,610 - INFO - Abrindo menu de opçőes...
2026-06-19 12:35:07,312 - INFO - Clicando em duplicar...
2026-06-19 12:35:09,814 - INFO - Preenchendo nome...
2026-06-19 12:35:11,919 - INFO - Preenchendo descriçăo...
2026-06-19 12:35:14,825 - INFO - Preenchendo preço: 59.90...
2026-06-19 12:35:20,033 - INFO - Enviando formulário...
2026-06-19 12:35:24,036 - INFO - Adicionando item: Pizza Imperial Média (6 Pedaços) + Coca 2l
2026-06-19 12:35:24,737 - INFO - Abrindo menu de opçőes...
2026-06-19 12:35:25,438 - INFO - Clicando em duplicar...
2026-06-19 12:35:27,940 - INFO - Preenchendo nome...
2026-06-19 12:35:30,044 - INFO - Preenchendo descriçăo...
2026-06-19 12:35:32,950 - INFO - Preenchendo preço: 59.90...
2026-06-19 12:35:38,159 - INFO - Enviando formulário...
2026-06-19 12:35:42,163 - INFO - Adicionando item: Pizza Jova Rural Média (6 Pedaços) + Coca 2l
2026-06-19 12:35:42,863 - INFO - Abrindo menu de opçőes...
2026-06-19 12:35:43,565 - INFO - Clicando em duplicar...
2026-06-19 12:35:46,066 - INFO - Preenchendo nome...
2026-06-19 12:35:48,171 - INFO - Preenchendo descriçăo...
2026-06-19 12:35:51,077 - INFO - Preenchendo preço: 59.90...
2026-06-19 12:35:56,287 - INFO - Enviando formulário...
2026-06-19 12:36:00,290 - INFO - Adicionando item: Pizza Baiana 1 Média (6 Pedaços) + Coca 2l
2026-06-19 12:36:00,991 - INFO - Abrindo menu de opçőes...
2026-06-19 12:36:01,693 - INFO - Clicando em duplicar...
2026-06-19 12:36:04,194 - INFO - Preenchendo nome...
2026-06-19 12:36:06,299 - INFO - Preenchendo descriçăo...
2026-06-19 12:36:09,206 - INFO - Preenchendo preço: 59.90...
2026-06-19 12:36:14,415 - INFO - Enviando formulário...
2026-06-19 12:36:18,419 - INFO - Adicionando item: Pizza Baiana 2 Média (6 Pedaços) + Coca 2l
2026-06-19 12:36:19,120 - INFO - Abrindo menu de opçőes...
2026-06-19 12:36:19,822 - INFO - Clicando em duplicar...
2026-06-19 12:36:22,323 - INFO - Preenchendo nome...
2026-06-19 12:36:24,428 - INFO - Preenchendo descriçăo...
2026-06-19 12:36:27,335 - INFO - Preenchendo preço: 59.90...
2026-06-19 12:36:32,544 - INFO - Enviando formulário...
2026-06-19 12:36:36,548 - INFO - Adicionando item: Pizza Toscana Média (6 Pedaços) + Coca 2l
2026-06-19 12:36:37,248 - INFO - Abrindo menu de opçőes...
2026-06-19 12:36:37,950 - INFO - Clicando em duplicar...
2026-06-19 12:36:40,452 - INFO - Preenchendo nome...
2026-06-19 12:36:42,557 - INFO - Preenchendo descriçăo...
2026-06-19 12:36:45,462 - INFO - Preenchendo preço: 59.90...
2026-06-19 12:36:50,671 - INFO - Enviando formulário...
2026-06-19 12:36:54,675 - INFO - Adicionando item: Pizza Viena Média (6 Pedaços) + Coca 2l
2026-06-19 12:36:55,376 - INFO - Abrindo menu de opçőes...
2026-06-19 12:36:56,077 - INFO - Clicando em duplicar...
2026-06-19 12:36:58,579 - INFO - Preenchendo nome...
2026-06-19 12:37:00,684 - INFO - Preenchendo descriçăo...
2026-06-19 12:37:03,591 - INFO - Preenchendo preço: 59.90...
2026-06-19 12:37:08,801 - INFO - Enviando formulário...
2026-06-19 12:37:12,805 - INFO - Adicionando item: Pizza Vila Nilo Média (6 Pedaços) + Coca 2l
2026-06-19 12:37:13,505 - INFO - Abrindo menu de opçőes...
2026-06-19 12:37:14,207 - INFO - Clicando em duplicar...
2026-06-19 12:37:16,708 - INFO - Preenchendo nome...
2026-06-19 12:37:18,813 - INFO - Preenchendo descriçăo...
2026-06-19 12:37:21,719 - INFO - Preenchendo preço: 59.90...
2026-06-19 12:37:26,928 - INFO - Enviando formulário...
2026-06-19 12:37:30,932 - INFO - Adicionando item: Pizza Frango Média (6 Pedaços) + Coca 2l
2026-06-19 12:37:31,633 - INFO - Abrindo menu de opçőes...
2026-06-19 12:37:32,335 - INFO - Clicando em duplicar...
2026-06-19 12:37:34,836 - INFO - Preenchendo nome...
2026-06-19 12:37:36,941 - INFO - Preenchendo descriçăo...
2026-06-19 12:37:39,848 - INFO - Preenchendo preço: 59.90...
2026-06-19 12:37:45,056 - INFO - Enviando formulário...
2026-06-19 12:37:49,060 - INFO - Adicionando item: Pizza Caipira Média (6 Pedaços) + Coca 2l
2026-06-19 12:37:49,761 - INFO - Abrindo menu de opçőes...
2026-06-19 12:37:50,462 - INFO - Clicando em duplicar...
2026-06-19 12:37:52,964 - INFO - Preenchendo nome...
2026-06-19 12:37:55,069 - INFO - Preenchendo descriçăo...
2026-06-19 12:37:57,975 - INFO - Preenchendo preço: 59.90...
2026-06-19 12:38:03,184 - INFO - Enviando formulário...
2026-06-19 12:38:07,187 - INFO - Adicionando item: Pizza Abb Média (6 Pedaços) + Coca 2l
2026-06-19 12:38:07,888 - INFO - Abrindo menu de opçőes...
2026-06-19 12:38:08,590 - INFO - Clicando em duplicar...
2026-06-19 12:38:11,092 - INFO - Preenchendo nome...
2026-06-19 12:38:13,198 - INFO - Preenchendo descriçăo...
2026-06-19 12:38:16,104 - INFO - Preenchendo preço: 59.90...
2026-06-19 12:38:21,314 - INFO - Enviando formulário...
2026-06-19 12:38:25,318 - INFO - Adicionando item: Pizza Chic Média (6 Pedaços) + Coca 2l
2026-06-19 12:38:26,019 - INFO - Abrindo menu de opçőes...
2026-06-19 12:38:26,720 - INFO - Clicando em duplicar...
2026-06-19 12:38:29,222 - INFO - Preenchendo nome...
2026-06-19 12:38:31,327 - INFO - Preenchendo descriçăo...
2026-06-19 12:38:34,232 - INFO - Preenchendo preço: 59.90...
2026-06-19 12:38:39,442 - INFO - Enviando formulário...
2026-06-19 12:38:43,446 - INFO - Adicionando item: Pizza Nova Galvăo Média (6 Pedaços) + Coca 2l
2026-06-19 12:38:44,147 - INFO - Abrindo menu de opçőes...
2026-06-19 12:38:44,848 - INFO - Clicando em duplicar...
2026-06-19 12:38:47,350 - INFO - Preenchendo nome...
2026-06-19 12:38:49,455 - INFO - Preenchendo descriçăo...
2026-06-19 12:38:52,361 - INFO - Preenchendo preço: 59.90...
2026-06-19 12:38:57,569 - INFO - Enviando formulário...
2026-06-19 12:39:01,574 - INFO - Adicionando item: Pizza Vitória Média (6 Pedaços) + Coca 2l
2026-06-19 12:39:02,274 - INFO - Abrindo menu de opçőes...
2026-06-19 12:39:02,976 - INFO - Clicando em duplicar...
2026-06-19 12:39:05,477 - INFO - Preenchendo nome...
2026-06-19 12:39:07,582 - INFO - Preenchendo descriçăo...
2026-06-19 12:39:10,488 - INFO - Preenchendo preço: 59.90...
2026-06-19 12:39:15,698 - INFO - Enviando formulário...
2026-06-19 12:39:19,701 - INFO - Adicionando item: Pizza Brócolis Média (6 Pedaços) + Coca 2l
2026-06-19 12:39:20,402 - INFO - Abrindo menu de opçőes...
2026-06-19 12:39:21,104 - INFO - Clicando em duplicar...
2026-06-19 12:39:23,605 - INFO - Preenchendo nome...
2026-06-19 12:39:25,710 - INFO - Preenchendo descriçăo...
2026-06-19 12:39:28,616 - INFO - Preenchendo preço: 59.90...
2026-06-19 12:39:33,825 - INFO - Enviando formulário...
2026-06-19 12:39:37,829 - INFO - Adicionando item: Pizza Brócolis 2 Média (6 Pedaços) + Coca 2l
2026-06-19 12:39:38,530 - INFO - Abrindo menu de opçőes...
2026-06-19 12:39:39,232 - INFO - Clicando em duplicar...
2026-06-19 12:39:41,733 - INFO - Preenchendo nome...
2026-06-19 12:39:43,839 - INFO - Preenchendo descriçăo...
2026-06-19 12:39:46,745 - INFO - Preenchendo preço: 59.90...
2026-06-19 12:39:51,954 - INFO - Enviando formulário...
2026-06-19 12:39:55,958 - INFO - Adicionando item: Pizza Vila Galvăo Média (6 Pedaços) + Coca 2l
2026-06-19 12:39:56,658 - INFO - Abrindo menu de opçőes...
2026-06-19 12:39:57,360 - INFO - Clicando em duplicar...
2026-06-19 12:39:59,862 - INFO - Preenchendo nome...
2026-06-19 12:40:01,967 - INFO - Preenchendo descriçăo...
2026-06-19 12:40:04,873 - INFO - Preenchendo preço: 59.90...
2026-06-19 12:40:10,082 - INFO - Enviando formulário...
2026-06-19 12:40:14,085 - INFO - Adicionando item: Pizza Milho Verde Média (6 Pedaços) + Coca 2l
2026-06-19 12:40:14,786 - INFO - Abrindo menu de opçőes...
2026-06-19 12:40:15,488 - INFO - Clicando em duplicar...
2026-06-19 12:40:17,989 - INFO - Preenchendo nome...
2026-06-19 12:40:20,094 - INFO - Preenchendo descriçăo...
2026-06-19 12:40:23,000 - INFO - Preenchendo preço: 59.90...
2026-06-19 12:40:28,210 - INFO - Enviando formulário...
2026-06-19 12:40:32,213 - INFO - Adicionando item: Pizza Palmito com Mussarela Média (6 Pedaços) + Coca 2l
2026-06-19 12:40:32,914 - INFO - Abrindo menu de opçőes...
2026-06-19 12:40:33,616 - INFO - Clicando em duplicar...
2026-06-19 12:40:36,118 - INFO - Preenchendo nome...
2026-06-19 12:40:38,222 - INFO - Preenchendo descriçăo...
2026-06-19 12:40:41,129 - INFO - Preenchendo preço: 59.90...
2026-06-19 12:40:46,338 - INFO - Enviando formulário...
2026-06-19 12:40:50,341 - INFO - Adicionando item: Pizza Palmito com Catupiry Média (6 Pedaços) + Coca 2l
2026-06-19 12:40:51,042 - INFO - Abrindo menu de opçőes...
2026-06-19 12:40:51,746 - INFO - Clicando em duplicar...
2026-06-19 12:40:54,248 - INFO - Preenchendo nome...
2026-06-19 12:40:56,353 - INFO - Preenchendo descriçăo...
2026-06-19 12:40:59,259 - INFO - Preenchendo preço: 59.90...
2026-06-19 12:41:04,469 - INFO - Enviando formulário...
2026-06-19 12:41:08,473 - INFO - Adicionando item: Pizza Vegetariana Média (6 Pedaços) + Coca 2l
2026-06-19 12:41:09,174 - INFO - Abrindo menu de opçőes...
2026-06-19 12:41:09,875 - INFO - Clicando em duplicar...
2026-06-19 12:41:12,377 - INFO - Preenchendo nome...
2026-06-19 12:41:14,482 - INFO - Preenchendo descriçăo...
2026-06-19 12:41:17,388 - INFO - Preenchendo preço: 59.90...
2026-06-19 12:41:22,597 - INFO - Enviando formulário...
2026-06-19 12:41:26,601 - INFO - Adicionando item: Pizza Escarola Média (6 Pedaços) + Coca 2l
2026-06-19 12:41:27,301 - INFO - Abrindo menu de opçőes...
2026-06-19 12:41:28,003 - INFO - Clicando em duplicar...
2026-06-19 12:41:30,505 - INFO - Preenchendo nome...
2026-06-19 12:41:32,610 - INFO - Preenchendo descriçăo...
2026-06-19 12:41:35,516 - INFO - Preenchendo preço: 59.90...
2026-06-19 12:41:40,724 - INFO - Enviando formulário...
2026-06-19 12:41:44,727 - INFO - Adicionando item: Pizza Francesa 1 Média (6 Pedaços) + Coca 2l
2026-06-19 12:41:45,429 - INFO - Abrindo menu de opçőes...
2026-06-19 12:41:46,130 - INFO - Clicando em duplicar...
2026-06-19 12:41:48,632 - INFO - Preenchendo nome...
2026-06-19 12:41:50,738 - INFO - Preenchendo descriçăo...
2026-06-19 12:41:53,644 - INFO - Preenchendo preço: 59.90...
2026-06-19 12:41:58,853 - INFO - Enviando formulário...
2026-06-19 12:42:02,856 - INFO - Adicionando item: Pizza Francesa 2 Média (6 Pedaços) + Coca 2l
2026-06-19 12:42:03,557 - INFO - Abrindo menu de opçőes...
2026-06-19 12:42:04,259 - INFO - Clicando em duplicar...
2026-06-19 12:42:06,760 - INFO - Preenchendo nome...
2026-06-19 12:42:08,865 - INFO - Preenchendo descriçăo...
2026-06-19 12:42:11,771 - INFO - Preenchendo preço: 59.90...
2026-06-19 12:42:16,980 - INFO - Enviando formulário...
2026-06-19 12:42:20,984 - INFO - Adicionando item: Pizza Lombo com Mussarela Média (6 Pedaços) + Coca 2l
2026-06-19 12:42:21,684 - INFO - Abrindo menu de opçőes...
2026-06-19 12:42:22,386 - INFO - Clicando em duplicar...
2026-06-19 12:42:24,888 - INFO - Preenchendo nome...
2026-06-19 12:42:26,993 - INFO - Preenchendo descriçăo...
2026-06-19 12:42:29,900 - INFO - Preenchendo preço: 59.90...
2026-06-19 12:42:35,109 - INFO - Enviando formulário...
2026-06-19 12:42:39,113 - INFO - Adicionando item: Pizza Lombo com Catupiry Média (6 Pedaços) + Coca 2l
2026-06-19 12:42:39,813 - INFO - Abrindo menu de opçőes...
2026-06-19 12:42:40,515 - INFO - Clicando em duplicar...
2026-06-19 12:42:43,017 - INFO - Preenchendo nome...
2026-06-19 12:42:45,122 - INFO - Preenchendo descriçăo...
2026-06-19 12:42:48,028 - INFO - Preenchendo preço: 59.90...
2026-06-19 12:42:53,235 - INFO - Enviando formulário...
2026-06-19 12:42:57,239 - INFO - Adicionando item: Pizza La Itália Média (6 Pedaços) + Coca 2l
2026-06-19 12:42:57,940 - INFO - Abrindo menu de opçőes...
2026-06-19 12:42:58,641 - INFO - Clicando em duplicar...
2026-06-19 12:43:01,144 - INFO - Preenchendo nome...
2026-06-19 12:43:03,248 - INFO - Preenchendo descriçăo...
2026-06-19 12:43:06,154 - INFO - Preenchendo preço: 59.90...
2026-06-19 12:43:11,363 - INFO - Enviando formulário...
2026-06-19 12:43:15,367 - INFO - Adicionando item: Pizza Pepperoni Média (6 Pedaços) + Coca 2l
2026-06-19 12:43:16,069 - INFO - Abrindo menu de opçőes...
2026-06-19 12:43:16,770 - INFO - Clicando em duplicar...
2026-06-19 12:43:19,272 - INFO - Preenchendo nome...
2026-06-19 12:43:21,376 - INFO - Preenchendo descriçăo...
2026-06-19 12:43:24,282 - INFO - Preenchendo preço: 59.90...
2026-06-19 12:43:29,491 - INFO - Enviando formulário...
2026-06-19 12:43:33,495 - INFO - Adicionando item: Pizza Peito de Peru Média (6 Pedaços) + Coca 2l
2026-06-19 12:43:34,196 - INFO - Abrindo menu de opçőes...
2026-06-19 12:43:34,898 - INFO - Clicando em duplicar...
2026-06-19 12:43:37,399 - INFO - Preenchendo nome...
2026-06-19 12:43:39,504 - INFO - Preenchendo descriçăo...
2026-06-19 12:43:42,410 - INFO - Preenchendo preço: 59.90...
2026-06-19 12:43:47,619 - INFO - Enviando formulário...
2026-06-19 12:43:51,623 - INFO - 
==================================================
2026-06-19 12:43:51,623 - INFO - Resumo: 57 adicionados, 0 falhados
2026-06-19 12:43:51,623 - INFO - ==================================================
2026-06-19 12:44:04,678 - INFO - Cardápio criado com sucesso!
2026-06-19 12:48:22,882 - INFO - Automaçăo inicializada
2026-06-19 12:48:22,883 - INFO - Iniciando criaçăo de cardápio...
2026-06-19 12:48:22,883 - INFO - Alternando para janela da aplicaçăo...
2026-06-19 12:48:23,390 - INFO - Processando 57 linhas do arquivo
2026-06-19 12:48:23,390 - INFO - Adicionando item: Pizza Catupiry Grande (8 Pedaços) + Coca 2l
2026-06-19 12:48:24,092 - INFO - Abrindo menu de opçőes...
2026-06-19 12:48:24,794 - INFO - Clicando em duplicar...
2026-06-19 12:48:27,299 - INFO - Preenchendo nome...
2026-06-19 12:48:29,405 - INFO - Preenchendo descriçăo...
2026-06-19 12:48:32,310 - INFO - Preenchendo preço: 64.90...
2026-06-19 12:48:37,519 - INFO - Enviando formulário...
2026-06-19 12:48:41,524 - INFO - Adicionando item: Pizza Mussarela Grande (8 Pedaços) + Coca 2l
2026-06-19 12:48:42,225 - INFO - Abrindo menu de opçőes...
2026-06-19 12:48:42,927 - INFO - Clicando em duplicar...
2026-06-19 12:48:45,429 - INFO - Preenchendo nome...
2026-06-19 12:48:47,534 - INFO - Preenchendo descriçăo...
2026-06-19 12:48:50,439 - INFO - Preenchendo preço: 64.90...
2026-06-19 12:48:55,647 - INFO - Enviando formulário...
2026-06-19 12:48:59,651 - INFO - Adicionando item: Pizza 2 Queijos Grande (8 Pedaços) + Coca 2l
2026-06-19 12:49:00,351 - INFO - Abrindo menu de opçőes...
2026-06-19 12:49:01,053 - INFO - Clicando em duplicar...
2026-06-19 12:49:03,555 - INFO - Preenchendo nome...
2026-06-19 12:49:05,660 - INFO - Preenchendo descriçăo...
2026-06-19 12:49:08,566 - INFO - Preenchendo preço: 64.90...
2026-06-19 12:49:13,773 - INFO - Enviando formulário...
2026-06-19 12:49:17,777 - INFO - Adicionando item: Pizza 3 Queijos Grande (8 Pedaços) + Coca 2l
2026-06-19 12:49:18,478 - INFO - Abrindo menu de opçőes...
2026-06-19 12:49:19,179 - INFO - Clicando em duplicar...
2026-06-19 12:49:21,681 - INFO - Preenchendo nome...
2026-06-19 12:49:23,786 - INFO - Preenchendo descriçăo...
2026-06-19 12:49:26,692 - INFO - Preenchendo preço: 64.90...
2026-06-19 12:49:31,902 - INFO - Enviando formulário...
2026-06-19 12:49:35,905 - INFO - Adicionando item: Pizza 4 Queijos Grande (8 Pedaços) + Coca 2l
2026-06-19 12:49:36,606 - INFO - Abrindo menu de opçőes...
2026-06-19 12:49:37,308 - INFO - Clicando em duplicar...
2026-06-19 12:49:39,809 - INFO - Preenchendo nome...
2026-06-19 12:49:41,914 - INFO - Preenchendo descriçăo...
2026-06-19 12:49:44,821 - INFO - Preenchendo preço: 64.90...
2026-06-19 12:49:50,031 - INFO - Enviando formulário...
2026-06-19 12:49:54,034 - INFO - Adicionando item: Pizza 5 Queijos Grande (8 Pedaços) + Coca 2l
2026-06-19 12:49:54,735 - INFO - Abrindo menu de opçőes...
2026-06-19 12:49:55,436 - INFO - Clicando em duplicar...
2026-06-19 12:49:57,938 - INFO - Preenchendo nome...
2026-06-19 12:50:00,043 - INFO - Preenchendo descriçăo...
2026-06-19 12:50:02,949 - INFO - Preenchendo preço: 64.90...
2026-06-19 12:50:08,158 - INFO - Enviando formulário...
2026-06-19 12:50:12,162 - INFO - Adicionando item: Pizza Marguerita Grande (8 Pedaços) + Coca 2l
2026-06-19 12:50:12,863 - INFO - Abrindo menu de opçőes...
2026-06-19 12:50:13,564 - INFO - Clicando em duplicar...
2026-06-19 12:50:16,066 - INFO - Preenchendo nome...
2026-06-19 12:50:18,170 - INFO - Preenchendo descriçăo...
2026-06-19 12:50:21,076 - INFO - Preenchendo preço: 64.90...
2026-06-19 12:50:26,284 - INFO - Enviando formulário...
2026-06-19 12:50:30,288 - INFO - Adicionando item: Pizza Napolitana Grande (8 Pedaços) + Coca 2l
2026-06-19 12:50:30,989 - INFO - Abrindo menu de opçőes...
2026-06-19 12:50:31,691 - INFO - Clicando em duplicar...
2026-06-19 12:50:34,193 - INFO - Preenchendo nome...
2026-06-19 12:50:36,298 - INFO - Preenchendo descriçăo...
2026-06-19 12:50:39,203 - INFO - Preenchendo preço: 64.90...
2026-06-19 12:50:44,412 - INFO - Enviando formulário...
2026-06-19 12:50:48,416 - INFO - Adicionando item: Pizza Alho Grande (8 Pedaços) + Coca 2l
2026-06-19 12:50:49,117 - INFO - Abrindo menu de opçőes...
2026-06-19 12:50:49,818 - INFO - Clicando em duplicar...
2026-06-19 12:50:52,320 - INFO - Preenchendo nome...
2026-06-19 12:50:54,425 - INFO - Preenchendo descriçăo...
2026-06-19 12:50:57,331 - INFO - Preenchendo preço: 64.90...
2026-06-19 12:51:02,541 - INFO - Enviando formulário...
2026-06-19 12:51:06,544 - INFO - Adicionando item: Pizza Atum 1 Grande (8 Pedaços) + Coca 2l
2026-06-19 12:51:07,245 - INFO - Abrindo menu de opçőes...
2026-06-19 12:51:07,947 - INFO - Clicando em duplicar...
2026-06-19 12:51:10,449 - INFO - Preenchendo nome...
2026-06-19 12:51:12,554 - INFO - Preenchendo descriçăo...
2026-06-19 12:51:15,460 - INFO - Preenchendo preço: 64.90...
2026-06-19 12:51:20,668 - INFO - Enviando formulário...
2026-06-19 12:51:24,672 - INFO - Adicionando item: Pizza Atum 2 Grande (8 Pedaços) + Coca 2l
2026-06-19 12:51:25,373 - INFO - Abrindo menu de opçőes...
2026-06-19 12:51:26,075 - INFO - Clicando em duplicar...
2026-06-19 12:51:28,576 - INFO - Preenchendo nome...
2026-06-19 12:51:30,681 - INFO - Preenchendo descriçăo...
2026-06-19 12:51:33,586 - INFO - Preenchendo preço: 64.90...
2026-06-19 12:51:38,794 - INFO - Enviando formulário...
2026-06-19 12:51:42,798 - INFO - Adicionando item: Pizza Atum 3 Grande (8 Pedaços) + Coca 2l
2026-06-19 12:51:43,499 - INFO - Abrindo menu de opçőes...
2026-06-19 12:51:44,201 - INFO - Clicando em duplicar...
2026-06-19 12:51:46,702 - INFO - Preenchendo nome...
2026-06-19 12:51:48,808 - INFO - Preenchendo descriçăo...
2026-06-19 12:51:51,714 - INFO - Preenchendo preço: 64.90...
2026-06-19 12:51:56,924 - INFO - Enviando formulário...
2026-06-19 12:52:00,927 - INFO - Adicionando item: Pizza Cecap Grande (8 Pedaços) + Coca 2l
2026-06-19 12:52:01,628 - INFO - Abrindo menu de opçőes...
2026-06-19 12:52:02,330 - INFO - Clicando em duplicar...
2026-06-19 12:52:04,831 - INFO - Preenchendo nome...
2026-06-19 12:52:06,935 - INFO - Preenchendo descriçăo...
2026-06-19 12:52:09,842 - INFO - Preenchendo preço: 64.90...
2026-06-19 12:52:15,051 - INFO - Enviando formulário...
2026-06-19 12:52:19,055 - INFO - Adicionando item: Pizza Peruana Grande (8 Pedaços) + Coca 2l
2026-06-19 12:52:19,755 - INFO - Abrindo menu de opçőes...
2026-06-19 12:52:20,457 - INFO - Clicando em duplicar...
2026-06-19 12:52:22,958 - INFO - Preenchendo nome...
2026-06-19 12:52:25,064 - INFO - Preenchendo descriçăo...
2026-06-19 12:52:27,971 - INFO - Preenchendo preço: 64.90...
2026-06-19 12:52:33,179 - INFO - Enviando formulário...
2026-06-19 12:52:37,183 - INFO - Adicionando item: Pizza Americana Grande (8 Pedaços) + Coca 2l
2026-06-19 12:52:37,884 - INFO - Abrindo menu de opçőes...
2026-06-19 12:52:38,586 - INFO - Clicando em duplicar...
2026-06-19 12:52:41,087 - INFO - Preenchendo nome...
2026-06-19 12:52:43,192 - INFO - Preenchendo descriçăo...
2026-06-19 12:52:46,098 - INFO - Preenchendo preço: 64.90...
2026-06-19 12:52:51,308 - INFO - Enviando formulário...
2026-06-19 12:52:55,312 - INFO - Adicionando item: Pizza Bacon Grande (8 Pedaços) + Coca 2l
2026-06-19 12:52:56,013 - INFO - Abrindo menu de opçőes...
2026-06-19 12:52:56,714 - INFO - Clicando em duplicar...
2026-06-19 12:52:59,216 - INFO - Preenchendo nome...
2026-06-19 12:53:01,320 - INFO - Preenchendo descriçăo...
2026-06-19 12:53:04,227 - INFO - Preenchendo preço: 64.90...
2026-06-19 12:53:09,437 - INFO - Enviando formulário...
2026-06-19 12:53:13,440 - INFO - Adicionando item: Pizza Siciliana Grande (8 Pedaços) + Coca 2l
2026-06-19 12:53:14,142 - INFO - Abrindo menu de opçőes...
2026-06-19 12:53:14,843 - INFO - Clicando em duplicar...
2026-06-19 12:53:17,345 - INFO - Preenchendo nome...
2026-06-19 12:53:19,450 - INFO - Preenchendo descriçăo...
2026-06-19 12:53:22,356 - INFO - Preenchendo preço: 64.90...
2026-06-19 12:53:27,565 - INFO - Enviando formulário...
2026-06-19 12:53:31,569 - INFO - Adicionando item: Pizza Portuguesa Grande (8 Pedaços) + Coca 2l
2026-06-19 12:53:32,270 - INFO - Abrindo menu de opçőes...
2026-06-19 12:53:32,971 - INFO - Clicando em duplicar...
2026-06-19 12:53:35,473 - INFO - Preenchendo nome...
2026-06-19 12:53:37,578 - INFO - Preenchendo descriçăo...
2026-06-19 12:53:40,484 - INFO - Preenchendo preço: 64.90...
2026-06-19 12:53:45,694 - INFO - Enviando formulário...
2026-06-19 12:53:49,697 - INFO - Adicionando item: Pizza Bauru Grande (8 Pedaços) + Coca 2l
2026-06-19 12:53:50,398 - INFO - Abrindo menu de opçőes...
2026-06-19 12:53:51,100 - INFO - Clicando em duplicar...
2026-06-19 12:53:53,602 - INFO - Preenchendo nome...
2026-06-19 12:53:55,707 - INFO - Preenchendo descriçăo...
2026-06-19 12:53:58,613 - INFO - Preenchendo preço: 64.90...
2026-06-19 12:54:03,822 - INFO - Enviando formulário...
2026-06-19 12:54:07,826 - INFO - Adicionando item: Pizza Labor Grande (8 Pedaços) + Coca 2l
2026-06-19 12:54:08,527 - INFO - Abrindo menu de opçőes...
2026-06-19 12:54:09,229 - INFO - Clicando em duplicar...
2026-06-19 12:54:11,730 - INFO - Preenchendo nome...
2026-06-19 12:54:13,836 - INFO - Preenchendo descriçăo...
2026-06-19 12:54:16,742 - INFO - Preenchendo preço: 64.90...
2026-06-19 12:54:21,951 - INFO - Enviando formulário...
2026-06-19 12:54:25,954 - INFO - Adicionando item: Pizza Moda da Casa 1 Grande (8 Pedaços) + Coca 2l
2026-06-19 12:54:26,655 - INFO - Abrindo menu de opçőes...
2026-06-19 12:54:27,357 - INFO - Clicando em duplicar...
2026-06-19 12:54:29,859 - INFO - Preenchendo nome...
2026-06-19 12:54:31,964 - INFO - Preenchendo descriçăo...
2026-06-19 12:54:34,870 - INFO - Preenchendo preço: 64.90...
2026-06-19 12:54:40,079 - INFO - Enviando formulário...
2026-06-19 12:54:44,083 - INFO - Adicionando item: Pizza Moda da Casa 2 Grande (8 Pedaços) + Coca 2l
2026-06-19 12:54:44,784 - INFO - Abrindo menu de opçőes...
2026-06-19 12:54:45,486 - INFO - Clicando em duplicar...
2026-06-19 12:54:47,987 - INFO - Preenchendo nome...
2026-06-19 12:54:50,092 - INFO - Preenchendo descriçăo...
2026-06-19 12:54:52,998 - INFO - Preenchendo preço: 64.90...
2026-06-19 12:54:58,208 - INFO - Enviando formulário...
2026-06-19 12:55:02,211 - INFO - Adicionando item: Pizza Napole Grande (8 Pedaços) + Coca 2l
2026-06-19 12:55:02,913 - INFO - Abrindo menu de opçőes...
2026-06-19 12:55:03,614 - INFO - Clicando em duplicar...
2026-06-19 12:55:06,116 - INFO - Preenchendo nome...
2026-06-19 12:55:08,221 - INFO - Preenchendo descriçăo...
2026-06-19 12:55:11,127 - INFO - Preenchendo preço: 64.90...
2026-06-19 12:55:16,336 - INFO - Enviando formulário...
2026-06-19 12:55:20,339 - INFO - Adicionando item: Pizza Calabresa Grande (8 Pedaços) + Coca 2l
2026-06-19 12:55:21,040 - INFO - Abrindo menu de opçőes...
2026-06-19 12:55:21,742 - INFO - Clicando em duplicar...
2026-06-19 12:55:24,244 - INFO - Preenchendo nome...
2026-06-19 12:55:26,350 - INFO - Preenchendo descriçăo...
2026-06-19 12:55:29,255 - INFO - Preenchendo preço: 64.90...
2026-06-19 12:55:34,463 - INFO - Enviando formulário...
2026-06-19 12:55:38,467 - INFO - Adicionando item: Pizza Calabria Grande (8 Pedaços) + Coca 2l
2026-06-19 12:55:39,169 - INFO - Abrindo menu de opçőes...
2026-06-19 12:55:39,871 - INFO - Clicando em duplicar...
2026-06-19 12:55:42,372 - INFO - Preenchendo nome...
2026-06-19 12:55:44,477 - INFO - Preenchendo descriçăo...
2026-06-19 12:55:47,383 - INFO - Preenchendo preço: 64.90...
2026-06-19 12:55:52,591 - INFO - Enviando formulário...
2026-06-19 12:55:56,595 - INFO - Adicionando item: Pizza Carioca Grande (8 Pedaços) + Coca 2l
2026-06-19 12:55:57,296 - INFO - Abrindo menu de opçőes...
2026-06-19 12:55:57,998 - INFO - Clicando em duplicar...
2026-06-19 12:56:00,500 - INFO - Preenchendo nome...
2026-06-19 12:56:02,605 - INFO - Preenchendo descriçăo...
2026-06-19 12:56:05,510 - INFO - Preenchendo preço: 64.90...
2026-06-19 12:56:10,719 - INFO - Enviando formulário...
2026-06-19 12:56:14,723 - INFO - Adicionando item: Pizza Paulista Grande (8 Pedaços) + Coca 2l
2026-06-19 12:56:15,424 - INFO - Abrindo menu de opçőes...
2026-06-19 12:56:16,125 - INFO - Clicando em duplicar...
2026-06-19 12:56:18,627 - INFO - Preenchendo nome...
2026-06-19 12:56:20,732 - INFO - Preenchendo descriçăo...
2026-06-19 12:56:23,638 - INFO - Preenchendo preço: 64.90...
2026-06-19 12:56:28,848 - INFO - Enviando formulário...
2026-06-19 12:56:32,852 - INFO - Adicionando item: Pizza Forneiro Grande (8 Pedaços) + Coca 2l
2026-06-19 12:56:33,553 - INFO - Abrindo menu de opçőes...
2026-06-19 12:56:34,255 - INFO - Clicando em duplicar...
2026-06-19 12:56:36,757 - INFO - Preenchendo nome...
2026-06-19 12:56:38,862 - INFO - Preenchendo descriçăo...
2026-06-19 12:56:41,767 - INFO - Preenchendo preço: 64.90...
2026-06-19 12:56:46,975 - INFO - Enviando formulário...
2026-06-19 12:56:50,978 - INFO - Adicionando item: Pizza do Motoboy Grande (8 Pedaços) + Coca 2l
2026-06-19 12:56:51,679 - INFO - Abrindo menu de opçőes...
2026-06-19 12:56:52,381 - INFO - Clicando em duplicar...
2026-06-19 12:56:54,883 - INFO - Preenchendo nome...
2026-06-19 12:56:56,988 - INFO - Preenchendo descriçăo...
2026-06-19 12:56:59,895 - INFO - Preenchendo preço: 64.90...
2026-06-19 12:57:05,103 - INFO - Enviando formulário...
2026-06-19 12:57:09,107 - INFO - Adicionando item: Pizza Imperial Grande (8 Pedaços) + Coca 2l
2026-06-19 12:57:09,808 - INFO - Abrindo menu de opçőes...
2026-06-19 12:57:10,510 - INFO - Clicando em duplicar...
2026-06-19 12:57:13,012 - INFO - Preenchendo nome...
2026-06-19 12:57:15,116 - INFO - Preenchendo descriçăo...
2026-06-19 12:57:18,023 - INFO - Preenchendo preço: 64.90...
2026-06-19 12:57:23,233 - INFO - Enviando formulário...
2026-06-19 12:57:27,237 - INFO - Adicionando item: Pizza Jova Rural Grande (8 Pedaços) + Coca 2l
2026-06-19 12:57:27,938 - INFO - Abrindo menu de opçőes...
2026-06-19 12:57:28,640 - INFO - Clicando em duplicar...
2026-06-19 12:57:31,141 - INFO - Preenchendo nome...
2026-06-19 12:57:33,246 - INFO - Preenchendo descriçăo...
2026-06-19 12:57:36,153 - INFO - Preenchendo preço: 64.90...
2026-06-19 12:57:41,361 - INFO - Enviando formulário...
2026-06-19 12:57:45,365 - INFO - Adicionando item: Pizza Baiana 1 Grande (8 Pedaços) + Coca 2l
2026-06-19 12:57:46,066 - INFO - Abrindo menu de opçőes...
2026-06-19 12:57:46,767 - INFO - Clicando em duplicar...
2026-06-19 12:57:49,269 - INFO - Preenchendo nome...
2026-06-19 12:57:51,374 - INFO - Preenchendo descriçăo...
2026-06-19 12:57:54,281 - INFO - Preenchendo preço: 64.90...
2026-06-19 12:57:59,490 - INFO - Enviando formulário...
2026-06-19 12:58:03,494 - INFO - Adicionando item: Pizza Baiana 2 Grande (8 Pedaços) + Coca 2l
2026-06-19 12:58:04,195 - INFO - Abrindo menu de opçőes...
2026-06-19 12:58:04,897 - INFO - Clicando em duplicar...
2026-06-19 12:58:07,398 - INFO - Preenchendo nome...
2026-06-19 12:58:09,504 - INFO - Preenchendo descriçăo...
2026-06-19 12:58:12,410 - INFO - Preenchendo preço: 64.90...
2026-06-19 12:58:17,619 - INFO - Enviando formulário...
2026-06-19 12:58:21,623 - INFO - Adicionando item: Pizza Toscana Grande (8 Pedaços) + Coca 2l
2026-06-19 12:58:22,324 - INFO - Abrindo menu de opçőes...
2026-06-19 12:58:23,025 - INFO - Clicando em duplicar...
2026-06-19 12:58:25,527 - INFO - Preenchendo nome...
2026-06-19 12:58:27,632 - INFO - Preenchendo descriçăo...
2026-06-19 12:58:30,538 - INFO - Preenchendo preço: 64.90...
2026-06-19 12:58:35,747 - INFO - Enviando formulário...
2026-06-19 12:58:39,750 - INFO - Adicionando item: Pizza Viena Grande (8 Pedaços) + Coca 2l
2026-06-19 12:58:40,451 - INFO - Abrindo menu de opçőes...
2026-06-19 12:58:41,153 - INFO - Clicando em duplicar...
2026-06-19 12:58:43,654 - INFO - Preenchendo nome...
2026-06-19 12:58:45,760 - INFO - Preenchendo descriçăo...
2026-06-19 12:58:48,666 - INFO - Preenchendo preço: 64.90...
2026-06-19 12:58:53,874 - INFO - Enviando formulário...
2026-06-19 12:58:57,878 - INFO - Adicionando item: Pizza Vila Nilo Grande (8 Pedaços) + Coca 2l
2026-06-19 12:58:58,579 - INFO - Abrindo menu de opçőes...
2026-06-19 12:58:59,280 - INFO - Clicando em duplicar...
2026-06-19 12:59:01,782 - INFO - Preenchendo nome...
2026-06-19 12:59:03,887 - INFO - Preenchendo descriçăo...
2026-06-19 12:59:06,794 - INFO - Preenchendo preço: 64.90...
2026-06-19 12:59:12,002 - INFO - Enviando formulário...
2026-06-19 12:59:16,006 - INFO - Adicionando item: Pizza Frango Grande (8 Pedaços) + Coca 2l
2026-06-19 12:59:16,707 - INFO - Abrindo menu de opçőes...
2026-06-19 12:59:17,408 - INFO - Clicando em duplicar...
2026-06-19 12:59:19,910 - INFO - Preenchendo nome...
2026-06-19 12:59:22,015 - INFO - Preenchendo descriçăo...
2026-06-19 12:59:24,922 - INFO - Preenchendo preço: 64.90...
2026-06-19 12:59:30,131 - INFO - Enviando formulário...
2026-06-19 12:59:34,134 - INFO - Adicionando item: Pizza Caipira Grande (8 Pedaços) + Coca 2l
2026-06-19 12:59:34,836 - INFO - Abrindo menu de opçőes...
2026-06-19 12:59:35,537 - INFO - Clicando em duplicar...
2026-06-19 12:59:38,039 - INFO - Preenchendo nome...
2026-06-19 12:59:40,145 - INFO - Preenchendo descriçăo...
2026-06-19 12:59:43,051 - INFO - Preenchendo preço: 64.90...
2026-06-19 12:59:48,259 - INFO - Enviando formulário...
2026-06-19 12:59:52,263 - INFO - Adicionando item: Pizza Abb Grande (8 Pedaços) + Coca 2l
2026-06-19 12:59:52,964 - INFO - Abrindo menu de opçőes...
2026-06-19 12:59:53,665 - INFO - Clicando em duplicar...
2026-06-19 12:59:56,167 - INFO - Preenchendo nome...
2026-06-19 12:59:58,272 - INFO - Preenchendo descriçăo...
2026-06-19 13:00:01,178 - INFO - Preenchendo preço: 64.90...
2026-06-19 13:00:06,388 - INFO - Enviando formulário...
2026-06-19 13:00:10,391 - INFO - Adicionando item: Pizza Chic Grande (8 Pedaços) + Coca 2l
2026-06-19 13:00:11,092 - INFO - Abrindo menu de opçőes...
2026-06-19 13:00:11,794 - INFO - Clicando em duplicar...
2026-06-19 13:00:14,296 - INFO - Preenchendo nome...
2026-06-19 13:00:16,401 - INFO - Preenchendo descriçăo...
2026-06-19 13:00:19,307 - INFO - Preenchendo preço: 64.90...
2026-06-19 13:00:24,517 - INFO - Enviando formulário...
2026-06-19 13:00:28,521 - INFO - Adicionando item: Pizza Nova Galvăo Grande (8 Pedaços) + Coca 2l
2026-06-19 13:00:29,222 - INFO - Abrindo menu de opçőes...
2026-06-19 13:00:29,924 - INFO - Clicando em duplicar...
2026-06-19 13:00:32,425 - INFO - Preenchendo nome...
2026-06-19 13:00:34,531 - INFO - Preenchendo descriçăo...
2026-06-19 13:00:37,437 - INFO - Preenchendo preço: 64.90...
2026-06-19 13:00:42,646 - INFO - Enviando formulário...
2026-06-19 13:00:46,650 - INFO - Adicionando item: Pizza Vitória Grande (8 Pedaços) + Coca 2l
2026-06-19 13:00:47,350 - INFO - Abrindo menu de opçőes...
2026-06-19 13:00:48,052 - INFO - Clicando em duplicar...
2026-06-19 13:00:50,554 - INFO - Preenchendo nome...
2026-06-19 13:00:52,659 - INFO - Preenchendo descriçăo...
2026-06-19 13:00:55,565 - INFO - Preenchendo preço: 64.90...
2026-06-19 13:01:00,774 - INFO - Enviando formulário...
2026-06-19 13:01:04,778 - INFO - Adicionando item: Pizza Brócolis Grande (8 Pedaços) + Coca 2l
2026-06-19 13:01:05,479 - INFO - Abrindo menu de opçőes...
2026-06-19 13:01:06,181 - INFO - Clicando em duplicar...
2026-06-19 13:01:08,683 - INFO - Preenchendo nome...
2026-06-19 13:01:10,789 - INFO - Preenchendo descriçăo...
2026-06-19 13:01:13,695 - INFO - Preenchendo preço: 64.90...
2026-06-19 13:01:18,904 - INFO - Enviando formulário...
2026-06-19 13:01:22,908 - INFO - Adicionando item: Pizza Brócolis 2 Grande (8 Pedaços) + Coca 2l
2026-06-19 13:01:23,609 - INFO - Abrindo menu de opçőes...
2026-06-19 13:01:24,311 - INFO - Clicando em duplicar...
2026-06-19 13:01:26,812 - INFO - Preenchendo nome...
2026-06-19 13:01:28,917 - INFO - Preenchendo descriçăo...
2026-06-19 13:01:31,823 - INFO - Preenchendo preço: 64.90...
2026-06-19 13:01:37,032 - INFO - Enviando formulário...
2026-06-19 13:01:41,035 - INFO - Adicionando item: Pizza Vila Galvăo Grande (8 Pedaços) + Coca 2l
2026-06-19 13:01:41,736 - INFO - Abrindo menu de opçőes...
2026-06-19 13:01:42,438 - INFO - Clicando em duplicar...
2026-06-19 13:01:44,940 - INFO - Preenchendo nome...
2026-06-19 13:01:47,044 - INFO - Preenchendo descriçăo...
2026-06-19 13:01:49,951 - INFO - Preenchendo preço: 64.90...
2026-06-19 13:01:55,159 - INFO - Enviando formulário...
2026-06-19 13:01:59,164 - INFO - Adicionando item: Pizza Milho Verde Grande (8 Pedaços) + Coca 2l
2026-06-19 13:01:59,865 - INFO - Abrindo menu de opçőes...
2026-06-19 13:02:00,567 - INFO - Clicando em duplicar...
2026-06-19 13:02:03,069 - INFO - Preenchendo nome...
2026-06-19 13:02:05,174 - INFO - Preenchendo descriçăo...
2026-06-19 13:02:08,080 - INFO - Preenchendo preço: 64.90...
2026-06-19 13:02:13,289 - INFO - Enviando formulário...
2026-06-19 13:02:17,293 - INFO - Adicionando item: Pizza Palmito com Mussarela Grande (8 Pedaços) + Coca 2l
2026-06-19 13:02:17,994 - INFO - Abrindo menu de opçőes...
2026-06-19 13:02:18,696 - INFO - Clicando em duplicar...
2026-06-19 13:02:21,198 - INFO - Preenchendo nome...
2026-06-19 13:02:23,302 - INFO - Preenchendo descriçăo...
2026-06-19 13:02:26,209 - INFO - Preenchendo preço: 64.90...
2026-06-19 13:02:31,416 - INFO - Enviando formulário...
2026-06-19 13:02:35,420 - INFO - Adicionando item: Pizza Palmito com Catupiry Grande (8 Pedaços) + Coca 2l
2026-06-19 13:02:36,121 - INFO - Abrindo menu de opçőes...
2026-06-19 13:02:36,822 - INFO - Clicando em duplicar...
2026-06-19 13:02:38,552 - INFO - Automaçăo cancelada pelo usuário
2026-06-19 13:05:29,125 - INFO - Automaçăo inicializada
2026-06-19 13:05:29,126 - INFO - Iniciando criaçăo de cardápio...
2026-06-19 13:05:29,126 - INFO - Alternando para janela da aplicaçăo...
2026-06-19 13:05:29,633 - INFO - Processando 10 linhas do arquivo
2026-06-19 13:05:29,634 - INFO - Adicionando item: Pizza Palmito com Catupiry Grande (8 Pedaços) + Coca 2l
2026-06-19 13:05:30,335 - INFO - Abrindo menu de opçőes...
2026-06-19 13:05:31,040 - INFO - Clicando em duplicar...
2026-06-19 13:05:33,541 - INFO - Preenchendo nome...
2026-06-19 13:05:35,647 - INFO - Preenchendo descriçăo...
2026-06-19 13:05:38,554 - INFO - Preenchendo preço: 64.90...
2026-06-19 13:05:43,158 - INFO - Automaçăo cancelada pelo usuário
2026-06-19 13:06:11,121 - INFO - Automaçăo inicializada
2026-06-19 13:06:11,121 - INFO - Iniciando criaçăo de cardápio...
2026-06-19 13:06:11,121 - INFO - Alternando para janela da aplicaçăo...
2026-06-19 13:06:11,622 - INFO - Processando 10 linhas do arquivo
2026-06-19 13:06:11,622 - INFO - Adicionando item: Pizza Palmito com Catupiry Grande (8 Pedaços) + Coca 2l
2026-06-19 13:06:12,323 - INFO - Abrindo menu de opçőes...
2026-06-19 13:06:13,026 - INFO - Clicando em duplicar...
2026-06-19 13:06:15,530 - INFO - Preenchendo nome...
2026-06-19 13:06:17,637 - INFO - Preenchendo descriçăo...
2026-06-19 13:06:20,544 - INFO - Preenchendo preço: 64.90...
2026-06-19 13:06:25,752 - INFO - Enviando formulário...
2026-06-19 13:06:29,758 - INFO - Adicionando item: Pizza Vegetariana Grande (8 Pedaços) + Coca 2l
2026-06-19 13:06:30,459 - INFO - Abrindo menu de opçőes...
2026-06-19 13:06:31,160 - INFO - Clicando em duplicar...
2026-06-19 13:06:33,662 - INFO - Preenchendo nome...
2026-06-19 13:06:35,767 - INFO - Preenchendo descriçăo...
2026-06-19 13:06:38,673 - INFO - Preenchendo preço: 64.90...
2026-06-19 13:06:43,882 - INFO - Enviando formulário...
2026-06-19 13:06:47,885 - INFO - Adicionando item: Pizza Escarola Grande (8 Pedaços) + Coca 2l
2026-06-19 13:06:48,586 - INFO - Abrindo menu de opçőes...
2026-06-19 13:06:49,287 - INFO - Clicando em duplicar...
2026-06-19 13:06:51,789 - INFO - Preenchendo nome...
2026-06-19 13:06:53,893 - INFO - Preenchendo descriçăo...
2026-06-19 13:06:56,800 - INFO - Preenchendo preço: 64.90...
2026-06-19 13:07:02,008 - INFO - Enviando formulário...
2026-06-19 13:07:06,012 - INFO - Adicionando item: Pizza Francesa 1 Grande (8 Pedaços) + Coca 2l
2026-06-19 13:07:06,713 - INFO - Abrindo menu de opçőes...
2026-06-19 13:07:07,415 - INFO - Clicando em duplicar...
2026-06-19 13:07:09,916 - INFO - Preenchendo nome...
2026-06-19 13:07:12,021 - INFO - Preenchendo descriçăo...
2026-06-19 13:07:14,928 - INFO - Preenchendo preço: 64.90...
2026-06-19 13:07:20,136 - INFO - Enviando formulário...
2026-06-19 13:07:24,140 - INFO - Adicionando item: Pizza Francesa 2 Grande (8 Pedaços) + Coca 2l
2026-06-19 13:07:24,841 - INFO - Abrindo menu de opçőes...
2026-06-19 13:07:25,542 - INFO - Clicando em duplicar...
2026-06-19 13:07:28,044 - INFO - Preenchendo nome...
2026-06-19 13:07:30,149 - INFO - Preenchendo descriçăo...
2026-06-19 13:07:33,055 - INFO - Preenchendo preço: 64.90...
2026-06-19 13:07:38,264 - INFO - Enviando formulário...
2026-06-19 13:07:42,267 - INFO - Adicionando item: Pizza Lombo com Mussarela Grande (8 Pedaços) + Coca 2l
2026-06-19 13:07:42,968 - INFO - Abrindo menu de opçőes...
2026-06-19 13:07:43,670 - INFO - Clicando em duplicar...
2026-06-19 13:07:46,172 - INFO - Preenchendo nome...
2026-06-19 13:07:48,276 - INFO - Preenchendo descriçăo...
2026-06-19 13:07:51,182 - INFO - Preenchendo preço: 64.90...
2026-06-19 13:07:56,391 - INFO - Enviando formulário...
2026-06-19 13:08:00,395 - INFO - Adicionando item: Pizza Lombo com Catupiry Grande (8 Pedaços) + Coca 2l
2026-06-19 13:08:01,096 - INFO - Abrindo menu de opçőes...
2026-06-19 13:08:01,797 - INFO - Clicando em duplicar...
2026-06-19 13:08:04,299 - INFO - Preenchendo nome...
2026-06-19 13:08:06,404 - INFO - Preenchendo descriçăo...
2026-06-19 13:08:09,310 - INFO - Preenchendo preço: 64.90...
2026-06-19 13:08:14,518 - INFO - Enviando formulário...
2026-06-19 13:08:18,522 - INFO - Adicionando item: Pizza La Itália Grande (8 Pedaços) + Coca 2l
2026-06-19 13:08:19,223 - INFO - Abrindo menu de opçőes...
2026-06-19 13:08:19,925 - INFO - Clicando em duplicar...
2026-06-19 13:08:22,427 - INFO - Preenchendo nome...
2026-06-19 13:08:24,532 - INFO - Preenchendo descriçăo...
2026-06-19 13:08:27,439 - INFO - Preenchendo preço: 64.90...
2026-06-19 13:08:32,647 - INFO - Enviando formulário...
2026-06-19 13:08:36,651 - INFO - Adicionando item: Pizza Pepperoni Grande (8 Pedaços) + Coca 2l
2026-06-19 13:08:37,352 - INFO - Abrindo menu de opçőes...
2026-06-19 13:08:38,054 - INFO - Clicando em duplicar...
2026-06-19 13:08:40,555 - INFO - Preenchendo nome...
2026-06-19 13:08:42,660 - INFO - Preenchendo descriçăo...
2026-06-19 13:08:45,566 - INFO - Preenchendo preço: 64.90...
2026-06-19 13:08:50,776 - INFO - Enviando formulário...
2026-06-19 13:08:54,779 - INFO - Adicionando item: Pizza Peito de Peru Grande (8 Pedaços) + Coca 2l
2026-06-19 13:08:55,480 - INFO - Abrindo menu de opçőes...
2026-06-19 13:08:56,182 - INFO - Clicando em duplicar...
2026-06-19 13:08:58,684 - INFO - Preenchendo nome...
2026-06-19 13:09:00,789 - INFO - Preenchendo descriçăo...
2026-06-19 13:09:03,696 - INFO - Preenchendo preço: 64.90...
2026-06-19 13:09:08,905 - INFO - Enviando formulário...
2026-06-19 13:09:12,908 - INFO - 
==================================================
2026-06-19 13:09:12,908 - INFO - Resumo: 10 adicionados, 0 falhados
2026-06-19 13:09:12,908 - INFO - ==================================================
2026-06-19 13:09:35,524 - INFO - Cardápio criado com sucesso!
